{"/home/mathan/Desktop/vs_ext/src/core/firewall/AiPromptFirewall.ts":{"path":"/home/mathan/Desktop/vs_ext/src/core/firewall/AiPromptFirewall.ts","statementMap":{"0":{"start":{"line":2,"column":0},"end":{"line":2,"column":62}},"1":{"start":{"line":3,"column":0},"end":{"line":3,"column":34}},"2":{"start":{"line":4,"column":33},"end":{"line":4,"column":77}},"3":{"start":{"line":7,"column":8},"end":{"line":7,"column":41}},"4":{"start":{"line":8,"column":8},"end":{"line":8,"column":79}},"5":{"start":{"line":11,"column":33},"end":{"line":11,"column":40}},"6":{"start":{"line":12,"column":8},"end":{"line":18,"column":9}},"7":{"start":{"line":13,"column":12},"end":{"line":17,"column":14}},"8":{"start":{"line":19,"column":23},"end":{"line":19,"column":50}},"9":{"start":{"line":20,"column":8},"end":{"line":26,"column":9}},"10":{"start":{"line":21,"column":12},"end":{"line":25,"column":14}},"11":{"start":{"line":27,"column":25},"end":{"line":27,"column":68}},"12":{"start":{"line":28,"column":8},"end":{"line":30,"column":9}},"13":{"start":{"line":29,"column":12},"end":{"line":29,"column":98}},"14":{"start":{"line":31,"column":8},"end":{"line":31,"column":24}},"15":{"start":{"line":34,"column":0},"end":{"line":34,"column":44}}},"fnMap":{"0":{"name":"(anonymous_0)","decl":{"start":{"line":6,"column":4},"end":{"line":6,"column":5}},"loc":{"start":{"line":6,"column":30},"end":{"line":9,"column":5}},"line":6},"1":{"name":"(anonymous_1)","decl":{"start":{"line":10,"column":4},"end":{"line":10,"column":5}},"loc":{"start":{"line":10,"column":21},"end":{"line":32,"column":5}},"line":10}},"branchMap":{"0":{"loc":{"start":{"line":12,"column":8},"end":{"line":18,"column":9}},"type":"if","locations":[{"start":{"line":12,"column":8},"end":{"line":18,"column":9}},{"start":{},"end":{}}],"line":12},"1":{"loc":{"start":{"line":12,"column":12},"end":{"line":12,"column":53}},"type":"binary-expr","locations":[{"start":{"line":12,"column":12},"end":{"line":12,"column":34}},{"start":{"line":12,"column":38},"end":{"line":12,"column":53}}],"line":12},"2":{"loc":{"start":{"line":20,"column":8},"end":{"line":26,"column":9}},"type":"if","locations":[{"start":{"line":20,"column":8},"end":{"line":26,"column":9}},{"start":{},"end":{}}],"line":20},"3":{"loc":{"start":{"line":28,"column":8},"end":{"line":30,"column":9}},"type":"if","locations":[{"start":{"line":28,"column":8},"end":{"line":30,"column":9}},{"start":{},"end":{}}],"line":28}},"s":{"0":1,"1":1,"2":1,"3":6,"4":6,"5":5,"6":5,"7":0,"8":5,"9":5,"10":0,"11":5,"12":5,"13":3,"14":5,"15":1},"f":{"0":6,"1":5},"b":{"0":[0,5],"1":[5,0],"2":[0,5],"3":[3,2]},"inputSourceMap":{"version":3,"file":"/home/mathan/Desktop/vs_ext/src/core/firewall/AiPromptFirewall.ts","sources":["/home/mathan/Desktop/vs_ext/src/core/firewall/AiPromptFirewall.ts"],"names":[],"mappings":";;;AACA,8EAA2E;AAG3E,MAAa,gBAAgB;IAG3B,YAA6B,YAA0B;QAA1B,iBAAY,GAAZ,YAAY,CAAc;QAFtC,cAAS,GAAG,IAAI,+CAAsB,EAAE,CAAC;IAEA,CAAC;IAE3D,OAAO,CAAC,OAAwB;QAC9B,MAAM,EAAE,IAAI,EAAE,MAAM,EAAE,GAAG,OAAO,CAAC;QAEjC,IAAI,MAAM,KAAK,WAAW,IAAI,MAAM,KAAK,IAAI,EAAE,CAAC;YAC9C,OAAO;gBACL,OAAO,EAAE,IAAI;gBACb,MAAM,EAAE,mDAAmD;gBAC3D,IAAI,EAAE,CAAC;aACR,CAAC;QACJ,CAAC;QAED,MAAM,MAAM,GAAG,IAAI,CAAC,SAAS,CAAC,MAAM,CAAC,IAAI,CAAC,CAAC;QAC3C,IAAI,MAAM,CAAC,QAAQ,CAAC,MAAM,KAAK,CAAC,EAAE,CAAC;YACjC,OAAO;gBACL,OAAO,EAAE,IAAI;gBACb,MAAM,EAAE,gDAAgD;gBACxD,IAAI,EAAE,CAAC;aACR,CAAC;QACJ,CAAC;QAED,MAAM,QAAQ,GAAG,IAAI,CAAC,YAAY,CAAC,QAAQ,CAAC,MAAM,CAAC,QAAQ,CAAC,CAAC;QAC7D,IAAI,CAAC,QAAQ,CAAC,OAAO,EAAE,CAAC;YACtB,QAAQ,CAAC,MAAM,GAAG,kDAAkD,QAAQ,CAAC,MAAM,EAAE,CAAC;QACxF,CAAC;QAED,OAAO,QAAQ,CAAC;IAClB,CAAC;CACF;AAhCD,4CAgCC","sourcesContent":["import { FirewallContext, PolicyDecision } from \"../../types\";\nimport { SecretDetectionService } from \"../secrets/SecretDetectionService\";\nimport { PolicyEngine } from \"../policies/PolicyEngine\";\n\nexport class AiPromptFirewall {\n  private readonly detection = new SecretDetectionService();\n\n  constructor(private readonly policyEngine: PolicyEngine) {}\n\n  inspect(context: FirewallContext): PolicyDecision {\n    const { text, source } = context;\n\n    if (source !== \"clipboard\" && source !== \"ai\") {\n      return {\n        allowed: true,\n        reason: \"Firewall only evaluates AI and clipboard traffic.\",\n        risk: 0,\n      };\n    }\n\n    const result = this.detection.detect(text);\n    if (result.findings.length === 0) {\n      return {\n        allowed: true,\n        reason: \"No risky secrets detected before transmission.\",\n        risk: 0,\n      };\n    }\n\n    const decision = this.policyEngine.evaluate(result.findings);\n    if (!decision.allowed) {\n      decision.reason = `AI Prompt Firewall blocked transmission due to ${decision.reason}`;\n    }\n\n    return decision;\n  }\n}\n"]},"_coverageSchema":"1a1c01bbd47fc00a2c39e90264f33305004495a9","hash":"039a4666b1301adf546f78a7f1a81fb694fefc55","contentHash":"d1c9871dd6db9bf7dacaecef77740ce5d548ab65f3844fd196c5a5b9ef22cd0c"},"/home/mathan/Desktop/vs_ext/src/core/secrets/SecretDetectionService.ts":{"path":"/home/mathan/Desktop/vs_ext/src/core/secrets/SecretDetectionService.ts","statementMap":{"0":{"start":{"line":2,"column":0},"end":{"line":2,"column":62}},"1":{"start":{"line":3,"column":0},"end":{"line":3,"column":40}},"2":{"start":{"line":4,"column":27},"end":{"line":4,"column":56}},"3":{"start":{"line":5,"column":20},"end":{"line":13,"column":1}},"4":{"start":{"line":14,"column":25},"end":{"line":23,"column":1}},"5":{"start":{"line":26,"column":8},"end":{"line":26,"column":68}},"6":{"start":{"line":29,"column":25},"end":{"line":29,"column":27}},"7":{"start":{"line":30,"column":31},"end":{"line":30,"column":40}},"8":{"start":{"line":31,"column":8},"end":{"line":68,"column":9}},"9":{"start":{"line":32,"column":26},"end":{"line":34,"column":42}},"10":{"start":{"line":35,"column":26},"end":{"line":35,"column":64}},"11":{"start":{"line":36,"column":28},"end":{"line":36,"column":48}},"12":{"start":{"line":37,"column":12},"end":{"line":67,"column":13}},"13":{"start":{"line":38,"column":34},"end":{"line":38,"column":42}},"14":{"start":{"line":39,"column":16},"end":{"line":40,"column":29}},"15":{"start":{"line":40,"column":20},"end":{"line":40,"column":29}},"16":{"start":{"line":41,"column":37},"end":{"line":41,"column":72}},"17":{"start":{"line":42,"column":16},"end":{"line":43,"column":29}},"18":{"start":{"line":43,"column":20},"end":{"line":43,"column":29}},"19":{"start":{"line":44,"column":16},"end":{"line":44,"column":49}},"20":{"start":{"line":45,"column":37},"end":{"line":45,"column":69}},"21":{"start":{"line":46,"column":37},"end":{"line":46,"column":87}},"22":{"start":{"line":47,"column":33},"end":{"line":47,"column":68}},"23":{"start":{"line":48,"column":35},"end":{"line":48,"column":85}},"24":{"start":{"line":49,"column":29},"end":{"line":49,"column":87}},"25":{"start":{"line":50,"column":16},"end":{"line":66,"column":19}},"26":{"start":{"line":69,"column":8},"end":{"line":73,"column":10}},"27":{"start":{"line":71,"column":55},"end":{"line":71,"column":92}},"28":{"start":{"line":76,"column":26},"end":{"line":76,"column":35}},"29":{"start":{"line":77,"column":8},"end":{"line":79,"column":9}},"30":{"start":{"line":78,"column":12},"end":{"line":78,"column":74}},"31":{"start":{"line":80,"column":22},"end":{"line":80,"column":23}},"32":{"start":{"line":81,"column":8},"end":{"line":84,"column":9}},"33":{"start":{"line":82,"column":32},"end":{"line":82,"column":52}},"34":{"start":{"line":83,"column":12},"end":{"line":83,"column":60}},"35":{"start":{"line":85,"column":8},"end":{"line":85,"column":48}},"36":{"start":{"line":88,"column":28},"end":{"line":88,"column":52}},"37":{"start":{"line":89,"column":26},"end":{"line":89,"column":60}},"38":{"start":{"line":90,"column":24},"end":{"line":90,"column":72}},"39":{"start":{"line":91,"column":24},"end":{"line":91,"column":87}},"40":{"start":{"line":91,"column":61},"end":{"line":91,"column":86}},"41":{"start":{"line":92,"column":8},"end":{"line":92,"column":47}},"42":{"start":{"line":95,"column":8},"end":{"line":95,"column":101}},"43":{"start":{"line":98,"column":25},"end":{"line":98,"column":45}},"44":{"start":{"line":99,"column":8},"end":{"line":101,"column":9}},"45":{"start":{"line":100,"column":12},"end":{"line":100,"column":43}},"46":{"start":{"line":102,"column":8},"end":{"line":104,"column":9}},"47":{"start":{"line":103,"column":12},"end":{"line":103,"column":41}},"48":{"start":{"line":105,"column":8},"end":{"line":105,"column":24}},"49":{"start":{"line":108,"column":8},"end":{"line":109,"column":21}},"50":{"start":{"line":109,"column":12},"end":{"line":109,"column":21}},"51":{"start":{"line":110,"column":8},"end":{"line":110,"column":55}},"52":{"start":{"line":113,"column":8},"end":{"line":114,"column":21}},"53":{"start":{"line":114,"column":12},"end":{"line":114,"column":21}},"54":{"start":{"line":115,"column":22},"end":{"line":115,"column":54}},"55":{"start":{"line":116,"column":8},"end":{"line":116,"column":50}},"56":{"start":{"line":119,"column":8},"end":{"line":121,"column":9}},"57":{"start":{"line":120,"column":12},"end":{"line":120,"column":42}},"58":{"start":{"line":122,"column":27},"end":{"line":125,"column":14}},"59":{"start":{"line":123,"column":12},"end":{"line":123,"column":63}},"60":{"start":{"line":124,"column":12},"end":{"line":124,"column":23}},"61":{"start":{"line":126,"column":8},"end":{"line":128,"column":24}},"62":{"start":{"line":127,"column":40},"end":{"line":127,"column":62}},"63":{"start":{"line":131,"column":0},"end":{"line":131,"column":56}}},"fnMap":{"0":{"name":"(anonymous_0)","decl":{"start":{"line":25,"column":4},"end":{"line":25,"column":5}},"loc":{"start":{"line":25,"column":18},"end":{"line":27,"column":5}},"line":25},"1":{"name":"(anonymous_1)","decl":{"start":{"line":28,"column":4},"end":{"line":28,"column":5}},"loc":{"start":{"line":28,"column":27},"end":{"line":74,"column":5}},"line":28},"2":{"name":"(anonymous_2)","decl":{"start":{"line":71,"column":37},"end":{"line":71,"column":38}},"loc":{"start":{"line":71,"column":55},"end":{"line":71,"column":92}},"line":71},"3":{"name":"(anonymous_3)","decl":{"start":{"line":75,"column":4},"end":{"line":75,"column":5}},"loc":{"start":{"line":75,"column":28},"end":{"line":86,"column":5}},"line":75},"4":{"name":"(anonymous_4)","decl":{"start":{"line":87,"column":4},"end":{"line":87,"column":5}},"loc":{"start":{"line":87,"column":39},"end":{"line":93,"column":5}},"line":87},"5":{"name":"(anonymous_5)","decl":{"start":{"line":91,"column":48},"end":{"line":91,"column":49}},"loc":{"start":{"line":91,"column":61},"end":{"line":91,"column":86}},"line":91},"6":{"name":"(anonymous_6)","decl":{"start":{"line":94,"column":4},"end":{"line":94,"column":5}},"loc":{"start":{"line":94,"column":53},"end":{"line":96,"column":5}},"line":94},"7":{"name":"(anonymous_7)","decl":{"start":{"line":97,"column":4},"end":{"line":97,"column":5}},"loc":{"start":{"line":97,"column":41},"end":{"line":106,"column":5}},"line":97},"8":{"name":"(anonymous_8)","decl":{"start":{"line":107,"column":4},"end":{"line":107,"column":5}},"loc":{"start":{"line":107,"column":31},"end":{"line":111,"column":5}},"line":107},"9":{"name":"(anonymous_9)","decl":{"start":{"line":112,"column":4},"end":{"line":112,"column":5}},"loc":{"start":{"line":112,"column":33},"end":{"line":117,"column":5}},"line":112},"10":{"name":"(anonymous_10)","decl":{"start":{"line":118,"column":4},"end":{"line":118,"column":5}},"loc":{"start":{"line":118,"column":27},"end":{"line":129,"column":5}},"line":118},"11":{"name":"(anonymous_11)","decl":{"start":{"line":122,"column":43},"end":{"line":122,"column":44}},"loc":{"start":{"line":122,"column":58},"end":{"line":125,"column":9}},"line":122},"12":{"name":"(anonymous_12)","decl":{"start":{"line":127,"column":17},"end":{"line":127,"column":18}},"loc":{"start":{"line":127,"column":40},"end":{"line":127,"column":62}},"line":127}},"branchMap":{"0":{"loc":{"start":{"line":32,"column":26},"end":{"line":34,"column":42}},"type":"cond-expr","locations":[{"start":{"line":33,"column":18},"end":{"line":33,"column":36}},{"start":{"line":34,"column":18},"end":{"line":34,"column":42}}],"line":32},"1":{"loc":{"start":{"line":39,"column":16},"end":{"line":40,"column":29}},"type":"if","locations":[{"start":{"line":39,"column":16},"end":{"line":40,"column":29}},{"start":{},"end":{}}],"line":39},"2":{"loc":{"start":{"line":41,"column":40},"end":{"line":41,"column":57}},"type":"binary-expr","locations":[{"start":{"line":41,"column":40},"end":{"line":41,"column":51}},{"start":{"line":41,"column":55},"end":{"line":41,"column":57}}],"line":41},"3":{"loc":{"start":{"line":42,"column":16},"end":{"line":43,"column":29}},"type":"if","locations":[{"start":{"line":42,"column":16},"end":{"line":43,"column":29}},{"start":{},"end":{}}],"line":42},"4":{"loc":{"start":{"line":46,"column":70},"end":{"line":46,"column":86}},"type":"binary-expr","locations":[{"start":{"line":46,"column":70},"end":{"line":46,"column":81}},{"start":{"line":46,"column":85},"end":{"line":46,"column":86}}],"line":46},"5":{"loc":{"start":{"line":78,"column":38},"end":{"line":78,"column":67}},"type":"binary-expr","locations":[{"start":{"line":78,"column":38},"end":{"line":78,"column":62}},{"start":{"line":78,"column":66},"end":{"line":78,"column":67}}],"line":78},"6":{"loc":{"start":{"line":99,"column":8},"end":{"line":101,"column":9}},"type":"if","locations":[{"start":{"line":99,"column":8},"end":{"line":101,"column":9}},{"start":{},"end":{}}],"line":99},"7":{"loc":{"start":{"line":102,"column":8},"end":{"line":104,"column":9}},"type":"if","locations":[{"start":{"line":102,"column":8},"end":{"line":104,"column":9}},{"start":{},"end":{}}],"line":102},"8":{"loc":{"start":{"line":108,"column":8},"end":{"line":109,"column":21}},"type":"if","locations":[{"start":{"line":108,"column":8},"end":{"line":109,"column":21}},{"start":{},"end":{}}],"line":108},"9":{"loc":{"start":{"line":108,"column":12},"end":{"line":108,"column":44}},"type":"binary-expr","locations":[{"start":{"line":108,"column":12},"end":{"line":108,"column":31}},{"start":{"line":108,"column":35},"end":{"line":108,"column":44}}],"line":108},"10":{"loc":{"start":{"line":113,"column":8},"end":{"line":114,"column":21}},"type":"if","locations":[{"start":{"line":113,"column":8},"end":{"line":114,"column":21}},{"start":{},"end":{}}],"line":113},"11":{"loc":{"start":{"line":113,"column":12},"end":{"line":113,"column":44}},"type":"binary-expr","locations":[{"start":{"line":113,"column":12},"end":{"line":113,"column":31}},{"start":{"line":113,"column":35},"end":{"line":113,"column":44}}],"line":113},"12":{"loc":{"start":{"line":119,"column":8},"end":{"line":121,"column":9}},"type":"if","locations":[{"start":{"line":119,"column":8},"end":{"line":121,"column":9}},{"start":{},"end":{}}],"line":119},"13":{"loc":{"start":{"line":123,"column":34},"end":{"line":123,"column":57}},"type":"binary-expr","locations":[{"start":{"line":123,"column":34},"end":{"line":123,"column":52}},{"start":{"line":123,"column":56},"end":{"line":123,"column":57}}],"line":123}},"s":{"0":1,"1":1,"2":1,"3":1,"4":1,"5":14,"6":11,"7":11,"8":11,"9":77,"10":77,"11":77,"12":77,"13":12,"14":12,"15":0,"16":12,"17":12,"18":1,"19":11,"20":11,"21":11,"22":11,"23":11,"24":11,"25":11,"26":11,"27":11,"28":11,"29":11,"30":205,"31":11,"32":11,"33":205,"34":205,"35":11,"36":11,"37":11,"38":11,"39":11,"40":88,"41":11,"42":11,"43":11,"44":11,"45":0,"46":11,"47":0,"48":11,"49":11,"50":0,"51":11,"52":11,"53":0,"54":11,"55":11,"56":11,"57":0,"58":11,"59":11,"60":11,"61":11,"62":11,"63":1},"f":{"0":14,"1":11,"2":11,"3":11,"4":11,"5":88,"6":11,"7":11,"8":11,"9":11,"10":11,"11":11,"12":11},"b":{"0":[0,77],"1":[0,12],"2":[12,0],"3":[1,11],"4":[11,0],"5":[205,205],"6":[0,11],"7":[0,11],"8":[0,11],"9":[11,11],"10":[0,11],"11":[11,11],"12":[0,11],"13":[11,11]},"inputSourceMap":{"version":3,"file":"/home/mathan/Desktop/vs_ext/src/core/secrets/SecretDetectionService.ts","sources":["/home/mathan/Desktop/vs_ext/src/core/secrets/SecretDetectionService.ts"],"names":[],"mappings":";;;AAAA,yDAAsD;AAGtD,MAAM,WAAW,GAA+D;IAC9E,EAAE,IAAI,EAAE,QAAQ,EAAE,OAAO,EAAE,qBAAqB,EAAE,QAAQ,EAAE,QAAQ,EAAE;IACtE,EAAE,IAAI,EAAE,KAAK,EAAE,OAAO,EAAE,kBAAkB,EAAE,QAAQ,EAAE,KAAK,EAAE;IAC7D,EAAE,IAAI,EAAE,QAAQ,EAAE,OAAO,EAAE,qBAAqB,EAAE,QAAQ,EAAE,QAAQ,EAAE;IACtE,EAAE,IAAI,EAAE,KAAK,EAAE,OAAO,EAAE,gDAAgD,EAAE,QAAQ,EAAE,KAAK,EAAE;IAC3F,EAAE,IAAI,EAAE,KAAK,EAAE,OAAO,EAAE,kDAAkD,EAAE,QAAQ,EAAE,KAAK,EAAE;IAC7F,EAAE,IAAI,EAAE,UAAU,EAAE,OAAO,EAAE,oEAAoE,EAAE,QAAQ,EAAE,UAAU,EAAE;IACzH,EAAE,IAAI,EAAE,SAAS,EAAE,OAAO,EAAE,yBAAyB,EAAE,QAAQ,EAAE,SAAS,EAAE;CAC7E,CAAC;AAEF,MAAM,gBAAgB,GAAG;IACvB,UAAU;IACV,QAAQ;IACR,OAAO;IACP,QAAQ;IACR,eAAe;IACf,SAAS;IACT,aAAa;IACb,mBAAmB;CACpB,CAAC;AAEF,MAAa,sBAAsB;IAAnC;QACU,eAAU,GAAG,IAAI,mCAAgB,EAAE,CAAC;IAmH9C,CAAC;IAjHC,MAAM,CAAC,IAAY,EAAE,QAAiB;QACpC,MAAM,QAAQ,GAAoB,EAAE,CAAC;QACrC,MAAM,cAAc,GAAG,IAAI,GAAG,EAAU,CAAC;QAEzC,KAAK,MAAM,IAAI,IAAI,WAAW,EAAE,CAAC;YAC/B,MAAM,KAAK,GAAG,IAAI,CAAC,OAAO,CAAC,KAAK,CAAC,QAAQ,CAAC,GAAG,CAAC;gBAC5C,CAAC,CAAC,IAAI,CAAC,OAAO,CAAC,KAAK;gBACpB,CAAC,CAAC,GAAG,IAAI,CAAC,OAAO,CAAC,KAAK,GAAG,CAAC;YAC7B,MAAM,KAAK,GAAG,IAAI,MAAM,CAAC,IAAI,CAAC,OAAO,CAAC,MAAM,EAAE,KAAK,CAAC,CAAC;YACrD,MAAM,OAAO,GAAG,IAAI,CAAC,QAAQ,CAAC,KAAK,CAAC,CAAC;YACrC,KAAK,MAAM,KAAK,IAAI,OAAO,EAAE,CAAC;gBAC5B,MAAM,SAAS,GAAG,KAAK,CAAC,CAAC,CAAC,CAAC;gBAC3B,IAAI,CAAC,SAAS;oBAAE,SAAS;gBACzB,MAAM,YAAY,GAAG,GAAG,KAAK,CAAC,KAAK,IAAI,CAAC,CAAC,IAAI,SAAS,EAAE,CAAC;gBACzD,IAAI,cAAc,CAAC,GAAG,CAAC,YAAY,CAAC;oBAAE,SAAS;gBAC/C,cAAc,CAAC,GAAG,CAAC,YAAY,CAAC,CAAC;gBAEjC,MAAM,YAAY,GAAG,IAAI,CAAC,gBAAgB,CAAC,SAAS,CAAC,CAAC;gBACtD,MAAM,YAAY,GAAG,IAAI,CAAC,qBAAqB,CAAC,IAAI,EAAE,KAAK,CAAC,KAAK,IAAI,CAAC,CAAC,CAAC;gBACxE,MAAM,QAAQ,GAAG,IAAI,CAAC,UAAU,CAAC,QAAQ,CAAC,SAAS,CAAC,CAAC;gBACrD,MAAM,UAAU,GAAG,IAAI,CAAC,UAAU,CAAC,aAAa,CAAC,SAAS,EAAE,QAAQ,CAAC,CAAC;gBACtE,MAAM,IAAI,GAAG,IAAI,CAAC,aAAa,CAAC,YAAY,EAAE,YAAY,EAAE,UAAU,CAAC,CAAC;gBAExE,QAAQ,CAAC,IAAI,CAAC;oBACZ,KAAK,EAAE,SAAS;oBAChB,QAAQ,EAAE,QAAe;oBACzB,QAAQ,EAAE;wBACR,QAAQ;wBACR,IAAI,EAAE,IAAI,CAAC,aAAa,CAAC,IAAI,EAAE,KAAK,CAAC,KAAK,CAAC;wBAC3C,MAAM,EAAE,IAAI,CAAC,eAAe,CAAC,IAAI,EAAE,KAAK,CAAC,KAAK,CAAC;qBAChD;oBACD,SAAS,EAAE;wBACT,UAAU,EAAE,IAAI;wBAChB,YAAY;wBACZ,YAAY;wBACZ,UAAU;wBACV,IAAI;wBACJ,QAAQ,EAAE,IAAI,CAAC,eAAe,CAAC,SAAS,EAAE,YAAY,CAAC;qBACxD;iBACF,CAAC,CAAC;YACL,CAAC;QACH,CAAC;QAED,OAAO;YACL,QAAQ;YACR,OAAO,EAAE,QAAQ,CAAC,MAAM,CAAC,CAAC,GAAG,EAAE,OAAO,EAAE,EAAE,CAAC,IAAI,CAAC,GAAG,CAAC,GAAG,EAAE,OAAO,CAAC,SAAS,CAAC,IAAI,CAAC,EAAE,CAAC,CAAC;YACpF,OAAO,EAAE,IAAI,CAAC,YAAY,CAAC,QAAQ,CAAC;SACrC,CAAC;IACJ,CAAC;IAEO,gBAAgB,CAAC,KAAa;QACpC,MAAM,SAAS,GAAG,IAAI,GAAG,EAAkB,CAAC;QAC5C,KAAK,MAAM,SAAS,IAAI,KAAK,EAAE,CAAC;YAC9B,SAAS,CAAC,GAAG,CAAC,SAAS,EAAE,CAAC,SAAS,CAAC,GAAG,CAAC,SAAS,CAAC,IAAI,CAAC,CAAC,GAAG,CAAC,CAAC,CAAC;QAChE,CAAC;QAED,IAAI,OAAO,GAAG,CAAC,CAAC;QAChB,KAAK,MAAM,KAAK,IAAI,SAAS,CAAC,MAAM,EAAE,EAAE,CAAC;YACvC,MAAM,WAAW,GAAG,KAAK,GAAG,KAAK,CAAC,MAAM,CAAC;YACzC,OAAO,IAAI,WAAW,GAAG,IAAI,CAAC,IAAI,CAAC,WAAW,CAAC,CAAC;QAClD,CAAC;QAED,OAAO,MAAM,CAAC,CAAC,OAAO,GAAG,CAAC,CAAC,CAAC,OAAO,CAAC,CAAC,CAAC,CAAC,CAAC;IAC1C,CAAC;IAEO,qBAAqB,CAAC,IAAY,EAAE,KAAa;QACvD,MAAM,WAAW,GAAG,IAAI,CAAC,GAAG,CAAC,CAAC,EAAE,KAAK,GAAG,GAAG,CAAC,CAAC;QAC7C,MAAM,SAAS,GAAG,IAAI,CAAC,GAAG,CAAC,IAAI,CAAC,MAAM,EAAE,KAAK,GAAG,GAAG,CAAC,CAAC;QACrD,MAAM,OAAO,GAAG,IAAI,CAAC,KAAK,CAAC,WAAW,EAAE,SAAS,CAAC,CAAC,WAAW,EAAE,CAAC;QACjE,MAAM,OAAO,GAAG,gBAAgB,CAAC,MAAM,CAAC,CAAC,OAAO,EAAE,EAAE,CAAC,OAAO,CAAC,QAAQ,CAAC,OAAO,CAAC,CAAC,CAAC;QAChF,OAAO,IAAI,CAAC,GAAG,CAAC,CAAC,EAAE,OAAO,CAAC,MAAM,GAAG,CAAC,CAAC,CAAC;IACzC,CAAC;IAEO,aAAa,CAAC,OAAe,EAAE,YAAoB,EAAE,UAAkB;QAC7E,OAAO,MAAM,CACX,IAAI,CAAC,GAAG,CAAC,CAAC,EAAE,OAAO,GAAG,GAAG,GAAG,YAAY,GAAG,GAAG,GAAG,UAAU,GAAG,GAAG,CAAC,CAAC,OAAO,CAAC,CAAC,CAAC,CAC9E,CAAC;IACJ,CAAC;IAEO,eAAe,CAAC,KAAa,EAAE,YAAoB;QACzD,MAAM,QAAQ,GAAG,CAAC,OAAO,EAAE,SAAS,CAAC,CAAC;QACtC,IAAI,YAAY,GAAG,GAAG,EAAE,CAAC;YACvB,QAAQ,CAAC,IAAI,CAAC,eAAe,CAAC,CAAC;QACjC,CAAC;QACD,IAAI,KAAK,CAAC,MAAM,GAAG,EAAE,EAAE,CAAC;YACtB,QAAQ,CAAC,IAAI,CAAC,aAAa,CAAC,CAAC;QAC/B,CAAC;QACD,OAAO,QAAQ,CAAC;IAClB,CAAC;IAEO,aAAa,CAAC,IAAY,EAAE,KAAyB;QAC3D,IAAI,KAAK,KAAK,SAAS,IAAI,KAAK,GAAG,CAAC;YAAE,OAAO,CAAC,CAAC;QAC/C,OAAO,IAAI,CAAC,KAAK,CAAC,CAAC,EAAE,KAAK,CAAC,CAAC,KAAK,CAAC,IAAI,CAAC,CAAC,MAAM,CAAC;IACjD,CAAC;IAEO,eAAe,CAAC,IAAY,EAAE,KAAyB;QAC7D,IAAI,KAAK,KAAK,SAAS,IAAI,KAAK,GAAG,CAAC;YAAE,OAAO,CAAC,CAAC;QAC/C,MAAM,KAAK,GAAG,IAAI,CAAC,KAAK,CAAC,CAAC,EAAE,KAAK,CAAC,CAAC,KAAK,CAAC,IAAI,CAAC,CAAC;QAC/C,OAAO,KAAK,CAAC,KAAK,CAAC,MAAM,GAAG,CAAC,CAAC,CAAC,MAAM,GAAG,CAAC,CAAC;IAC5C,CAAC;IAEO,YAAY,CAAC,QAAyB;QAC5C,IAAI,QAAQ,CAAC,MAAM,KAAK,CAAC,EAAE,CAAC;YAC1B,OAAO,sBAAsB,CAAC;QAChC,CAAC;QACD,MAAM,UAAU,GAAG,QAAQ,CAAC,MAAM,CAAyB,CAAC,GAAG,EAAE,IAAI,EAAE,EAAE;YACvE,GAAG,CAAC,IAAI,CAAC,QAAQ,CAAC,GAAG,CAAC,GAAG,CAAC,IAAI,CAAC,QAAQ,CAAC,IAAI,CAAC,CAAC,GAAG,CAAC,CAAC;YACnD,OAAO,GAAG,CAAC;QACb,CAAC,EAAE,EAAE,CAAC,CAAC;QACP,OAAO,MAAM,CAAC,OAAO,CAAC,UAAU,CAAC;aAC9B,GAAG,CAAC,CAAC,CAAC,QAAQ,EAAE,KAAK,CAAC,EAAE,EAAE,CAAC,GAAG,KAAK,IAAI,QAAQ,EAAE,CAAC;aAClD,IAAI,CAAC,IAAI,CAAC,CAAC;IAChB,CAAC;CACF;AApHD,wDAoHC","sourcesContent":["import { SecretClassifier } from \"./SecretClassifier\";\nimport { SecretFinding, DetectionResult } from \"../../types\";\n\nconst REGEX_RULES: Array<{ name: string; pattern: RegExp; category: string }> = [\n  { name: \"openai\", pattern: /sk-[A-Za-z0-9]{10,}/, category: \"openai\" },\n  { name: \"aws\", pattern: /AKIA[0-9A-Z]{16}/, category: \"aws\" },\n  { name: \"github\", pattern: /ghp_[A-Za-z0-9]{36}/, category: \"github\" },\n  { name: \"jwt\", pattern: /[A-Za-z0-9-_]+\\.[A-Za-z0-9-_]+\\.[A-Za-z0-9-_]+/, category: \"jwt\" },\n  { name: \"ssh\", pattern: /-----BEGIN (RSA|OPENSSH|DSA|EC) PRIVATE KEY-----/, category: \"ssh\" },\n  { name: \"database\", pattern: /(postgres|mongodb|mysql|sqlserver).*(password|pwd|uri|connection)/i, category: \"database\" },\n  { name: \"generic\", pattern: /(?:[A-Za-z0-9\\-_]{20,})/, category: \"generic\" },\n];\n\nconst CONTEXT_KEYWORDS = [\n  \"password\",\n  \"secret\",\n  \"token\",\n  \"apikey\",\n  \"client_secret\",\n  \"ssh_key\",\n  \"db_password\",\n  \"connection_string\",\n];\n\nexport class SecretDetectionService {\n  private classifier = new SecretClassifier();\n\n  detect(text: string, filePath?: string): DetectionResult {\n    const findings: SecretFinding[] = [];\n    const seenCandidates = new Set<string>();\n\n    for (const rule of REGEX_RULES) {\n      const flags = rule.pattern.flags.includes(\"g\")\n        ? rule.pattern.flags\n        : `${rule.pattern.flags}g`;\n      const regex = new RegExp(rule.pattern.source, flags);\n      const matches = text.matchAll(regex);\n      for (const match of matches) {\n        const candidate = match[0];\n        if (!candidate) continue;\n        const candidateKey = `${match.index ?? -1}:${candidate}`;\n        if (seenCandidates.has(candidateKey)) continue;\n        seenCandidates.add(candidateKey);\n\n        const entropyScore = this.calculateEntropy(candidate);\n        const contextScore = this.calculateContextScore(text, match.index ?? 0);\n        const category = this.classifier.classify(candidate);\n        const confidence = this.classifier.getConfidence(candidate, category);\n        const risk = this.calculateRisk(entropyScore, contextScore, confidence);\n\n        findings.push({\n          value: candidate,\n          category: category as any,\n          location: {\n            filePath,\n            line: this.getLineNumber(text, match.index),\n            column: this.getColumnNumber(text, match.index),\n          },\n          detection: {\n            regexMatch: true,\n            entropyScore,\n            contextScore,\n            confidence,\n            risk,\n            features: this.collectFeatures(candidate, contextScore),\n          },\n        });\n      }\n    }\n\n    return {\n      findings,\n      maxRisk: findings.reduce((max, finding) => Math.max(max, finding.detection.risk), 0),\n      summary: this.buildSummary(findings),\n    };\n  }\n\n  private calculateEntropy(value: string): number {\n    const frequency = new Map<string, number>();\n    for (const character of value) {\n      frequency.set(character, (frequency.get(character) ?? 0) + 1);\n    }\n\n    let entropy = 0;\n    for (const count of frequency.values()) {\n      const probability = count / value.length;\n      entropy -= probability * Math.log2(probability);\n    }\n\n    return Number((entropy / 8).toFixed(2));\n  }\n\n  private calculateContextScore(text: string, index: number): number {\n    const windowStart = Math.max(0, index - 120);\n    const windowEnd = Math.min(text.length, index + 120);\n    const context = text.slice(windowStart, windowEnd).toLowerCase();\n    const matches = CONTEXT_KEYWORDS.filter((keyword) => context.includes(keyword));\n    return Math.min(1, matches.length / 4);\n  }\n\n  private calculateRisk(entropy: number, contextScore: number, confidence: number): number {\n    return Number(\n      Math.min(1, entropy * 0.3 + contextScore * 0.4 + confidence * 0.3).toFixed(2)\n    );\n  }\n\n  private collectFeatures(value: string, contextScore: number): string[] {\n    const features = [\"regex\", \"entropy\"];\n    if (contextScore > 0.3) {\n      features.push(\"context-aware\");\n    }\n    if (value.length > 30) {\n      features.push(\"long-secret\");\n    }\n    return features;\n  }\n\n  private getLineNumber(text: string, index: number | undefined): number {\n    if (index === undefined || index < 0) return 0;\n    return text.slice(0, index).split(\"\\n\").length;\n  }\n\n  private getColumnNumber(text: string, index: number | undefined): number {\n    if (index === undefined || index < 0) return 0;\n    const lines = text.slice(0, index).split(\"\\n\");\n    return lines[lines.length - 1].length + 1;\n  }\n\n  private buildSummary(findings: SecretFinding[]): string {\n    if (findings.length === 0) {\n      return \"No secrets detected.\";\n    }\n    const byCategory = findings.reduce<Record<string, number>>((acc, item) => {\n      acc[item.category] = (acc[item.category] ?? 0) + 1;\n      return acc;\n    }, {});\n    return Object.entries(byCategory)\n      .map(([category, count]) => `${count} ${category}`)\n      .join(\", \");\n  }\n}\n"]},"_coverageSchema":"1a1c01bbd47fc00a2c39e90264f33305004495a9","hash":"6293a882cc1ffd328cf814a53cb5669f6260fc78","contentHash":"9fa0c3297ca94a3b9501d707c769e5b5f6ef1c34fc74694942e74c63877d705f"},"/home/mathan/Desktop/vs_ext/src/core/secrets/SecretClassifier.ts":{"path":"/home/mathan/Desktop/vs_ext/src/core/secrets/SecretClassifier.ts","statementMap":{"0":{"start":{"line":2,"column":0},"end":{"line":2,"column":62}},"1":{"start":{"line":3,"column":0},"end":{"line":3,"column":34}},"2":{"start":{"line":4,"column":26},"end":{"line":13,"column":1}},"3":{"start":{"line":16,"column":8},"end":{"line":20,"column":9}},"4":{"start":{"line":17,"column":12},"end":{"line":19,"column":13}},"5":{"start":{"line":18,"column":16},"end":{"line":18,"column":32}},"6":{"start":{"line":21,"column":8},"end":{"line":21,"column":25}},"7":{"start":{"line":24,"column":24},"end":{"line":24,"column":51}},"8":{"start":{"line":25,"column":8},"end":{"line":27,"column":9}},"9":{"start":{"line":26,"column":12},"end":{"line":26,"column":23}},"10":{"start":{"line":28,"column":8},"end":{"line":28,"column":56}},"11":{"start":{"line":31,"column":0},"end":{"line":31,"column":44}}},"fnMap":{"0":{"name":"(anonymous_0)","decl":{"start":{"line":15,"column":4},"end":{"line":15,"column":5}},"loc":{"start":{"line":15,"column":24},"end":{"line":22,"column":5}},"line":15},"1":{"name":"(anonymous_1)","decl":{"start":{"line":23,"column":4},"end":{"line":23,"column":5}},"loc":{"start":{"line":23,"column":39},"end":{"line":29,"column":5}},"line":23}},"branchMap":{"0":{"loc":{"start":{"line":17,"column":12},"end":{"line":19,"column":13}},"type":"if","locations":[{"start":{"line":17,"column":12},"end":{"line":19,"column":13}},{"start":{},"end":{}}],"line":17},"1":{"loc":{"start":{"line":25,"column":8},"end":{"line":27,"column":9}},"type":"if","locations":[{"start":{"line":25,"column":8},"end":{"line":27,"column":9}},{"start":{},"end":{}}],"line":25}},"s":{"0":1,"1":1,"2":1,"3":13,"4":13,"5":13,"6":0,"7":11,"8":11,"9":0,"10":11,"11":1},"f":{"0":13,"1":11},"b":{"0":[13,0],"1":[0,11]},"inputSourceMap":{"version":3,"file":"/home/mathan/Desktop/vs_ext/src/core/secrets/SecretClassifier.ts","sources":["/home/mathan/Desktop/vs_ext/src/core/secrets/SecretClassifier.ts"],"names":[],"mappings":";;;AAEA,MAAM,iBAAiB,GAAmC;IACxD,MAAM,EAAE,qBAAqB;IAC7B,GAAG,EAAE,mDAAmD;IACxD,MAAM,EAAE,kDAAkD;IAC1D,GAAG,EAAE,kDAAkD;IACvD,GAAG,EAAE,kDAAkD;IACvD,QAAQ,EAAE,oEAAoE;IAC9E,OAAO,EAAE,mCAAmC;IAC5C,OAAO,EAAE,IAAI;CACd,CAAC;AAEF,MAAa,gBAAgB;IAC3B,QAAQ,CAAC,SAAiB;QACxB,KAAK,MAAM,QAAQ,IAAI,MAAM,CAAC,IAAI,CAAC,iBAAiB,CAAqB,EAAE,CAAC;YAC1E,IAAI,iBAAiB,CAAC,QAAQ,CAAC,CAAC,IAAI,CAAC,SAAS,CAAC,EAAE,CAAC;gBAChD,OAAO,QAAQ,CAAC;YAClB,CAAC;QACH,CAAC;QAED,OAAO,SAAS,CAAC;IACnB,CAAC;IAED,aAAa,CAAC,SAAiB,EAAE,QAAwB;QACvD,MAAM,OAAO,GAAG,iBAAiB,CAAC,QAAQ,CAAC,CAAC;QAC5C,IAAI,CAAC,OAAO,CAAC,IAAI,CAAC,SAAS,CAAC,EAAE,CAAC;YAC7B,OAAO,GAAG,CAAC;QACb,CAAC;QAED,OAAO,IAAI,CAAC,GAAG,CAAC,CAAC,EAAE,GAAG,GAAG,SAAS,CAAC,MAAM,GAAG,EAAE,CAAC,CAAC;IAClD,CAAC;CACF;AAnBD,4CAmBC","sourcesContent":["import { SecretCategory } from \"../../types\";\n\nconst CATEGORY_PATTERNS: Record<SecretCategory, RegExp> = {\n  openai: /sk-[A-Za-z0-9]{10,}/,\n  aws: /AKIA[0-9A-Z]{16}|A3T[A-Z0-9]{16}|ACCA[0-9A-Z]{16}/,\n  github: /ghp_[A-Za-z0-9]{36}|github_pat_[A-Za-z0-9_]{20,}/,\n  jwt: /^[A-Za-z0-9-_]+\\.[A-Za-z0-9-_]+\\.[A-Za-z0-9-_]+$/,\n  ssh: /-----BEGIN (RSA|OPENSSH|DSA|EC) PRIVATE KEY-----/,\n  database: /(postgres|mongodb|mysql|sqlserver).*(password|pwd|uri|connection)/i,\n  api_key: /api[_-]?key|apikey|client_secret/i,\n  generic: /.*/,\n};\n\nexport class SecretClassifier {\n  classify(candidate: string): SecretCategory {\n    for (const category of Object.keys(CATEGORY_PATTERNS) as SecretCategory[]) {\n      if (CATEGORY_PATTERNS[category].test(candidate)) {\n        return category;\n      }\n    }\n\n    return \"generic\";\n  }\n\n  getConfidence(candidate: string, category: SecretCategory): number {\n    const pattern = CATEGORY_PATTERNS[category];\n    if (!pattern.test(candidate)) {\n      return 0.2;\n    }\n\n    return Math.min(1, 0.5 + candidate.length / 64);\n  }\n}\n"]},"_coverageSchema":"1a1c01bbd47fc00a2c39e90264f33305004495a9","hash":"4fe46d837fcc24690831e25d95458b6914ac83a9","contentHash":"7b7b853f26a7af99e676c2209b372fa48cda224e57403b73493bb9c8801ff777"},"/home/mathan/Desktop/vs_ext/src/core/policies/PolicyEngine.ts":{"path":"/home/mathan/Desktop/vs_ext/src/core/policies/PolicyEngine.ts","statementMap":{"0":{"start":{"line":2,"column":0},"end":{"line":2,"column":62}},"1":{"start":{"line":3,"column":0},"end":{"line":3,"column":30}},"2":{"start":{"line":6,"column":8},"end":{"line":6,"column":27}},"3":{"start":{"line":9,"column":8},"end":{"line":15,"column":9}},"4":{"start":{"line":10,"column":12},"end":{"line":14,"column":14}},"5":{"start":{"line":16,"column":26},"end":{"line":22,"column":10}},"6":{"start":{"line":17,"column":12},"end":{"line":18,"column":29}},"7":{"start":{"line":18,"column":16},"end":{"line":18,"column":29}},"8":{"start":{"line":19,"column":28},"end":{"line":19,"column":100}},"9":{"start":{"line":19,"column":57},"end":{"line":19,"column":99}},"10":{"start":{"line":20,"column":29},"end":{"line":20,"column":128}},"11":{"start":{"line":20,"column":64},"end":{"line":20,"column":94}},"12":{"start":{"line":21,"column":12},"end":{"line":21,"column":46}},"13":{"start":{"line":23,"column":8},"end":{"line":30,"column":9}},"14":{"start":{"line":24,"column":12},"end":{"line":29,"column":14}},"15":{"start":{"line":31,"column":8},"end":{"line":35,"column":10}},"16":{"start":{"line":38,"column":8},"end":{"line":38,"column":30}},"17":{"start":{"line":41,"column":8},"end":{"line":41,"column":31}},"18":{"start":{"line":44,"column":8},"end":{"line":45,"column":21}},"19":{"start":{"line":45,"column":12},"end":{"line":45,"column":21}},"20":{"start":{"line":46,"column":8},"end":{"line":46,"column":115}},"21":{"start":{"line":46,"column":54},"end":{"line":46,"column":79}},"22":{"start":{"line":49,"column":0},"end":{"line":49,"column":36}}},"fnMap":{"0":{"name":"(anonymous_0)","decl":{"start":{"line":5,"column":4},"end":{"line":5,"column":5}},"loc":{"start":{"line":5,"column":28},"end":{"line":7,"column":5}},"line":5},"1":{"name":"(anonymous_1)","decl":{"start":{"line":8,"column":4},"end":{"line":8,"column":5}},"loc":{"start":{"line":8,"column":23},"end":{"line":36,"column":5}},"line":8},"2":{"name":"(anonymous_2)","decl":{"start":{"line":16,"column":42},"end":{"line":16,"column":43}},"loc":{"start":{"line":16,"column":52},"end":{"line":22,"column":9}},"line":16},"3":{"name":"(anonymous_3)","decl":{"start":{"line":19,"column":44},"end":{"line":19,"column":45}},"loc":{"start":{"line":19,"column":57},"end":{"line":19,"column":99}},"line":19},"4":{"name":"(anonymous_4)","decl":{"start":{"line":20,"column":44},"end":{"line":20,"column":45}},"loc":{"start":{"line":20,"column":64},"end":{"line":20,"column":94}},"line":20},"5":{"name":"(anonymous_5)","decl":{"start":{"line":37,"column":4},"end":{"line":37,"column":5}},"loc":{"start":{"line":37,"column":21},"end":{"line":39,"column":5}},"line":37},"6":{"name":"(anonymous_6)","decl":{"start":{"line":40,"column":4},"end":{"line":40,"column":5}},"loc":{"start":{"line":40,"column":15},"end":{"line":42,"column":5}},"line":40},"7":{"name":"(anonymous_7)","decl":{"start":{"line":43,"column":4},"end":{"line":43,"column":5}},"loc":{"start":{"line":43,"column":26},"end":{"line":47,"column":5}},"line":43},"8":{"name":"(anonymous_8)","decl":{"start":{"line":46,"column":39},"end":{"line":46,"column":40}},"loc":{"start":{"line":46,"column":54},"end":{"line":46,"column":79}},"line":46}},"branchMap":{"0":{"loc":{"start":{"line":5,"column":16},"end":{"line":5,"column":26}},"type":"default-arg","locations":[{"start":{"line":5,"column":24},"end":{"line":5,"column":26}}],"line":5},"1":{"loc":{"start":{"line":9,"column":8},"end":{"line":15,"column":9}},"type":"if","locations":[{"start":{"line":9,"column":8},"end":{"line":15,"column":9}},{"start":{},"end":{}}],"line":9},"2":{"loc":{"start":{"line":17,"column":12},"end":{"line":18,"column":29}},"type":"if","locations":[{"start":{"line":17,"column":12},"end":{"line":18,"column":29}},{"start":{},"end":{}}],"line":17},"3":{"loc":{"start":{"line":23,"column":8},"end":{"line":30,"column":9}},"type":"if","locations":[{"start":{"line":23,"column":8},"end":{"line":30,"column":9}},{"start":{},"end":{}}],"line":23},"4":{"loc":{"start":{"line":44,"column":8},"end":{"line":45,"column":21}},"type":"if","locations":[{"start":{"line":44,"column":8},"end":{"line":45,"column":21}},{"start":{},"end":{}}],"line":44}},"s":{"0":1,"1":1,"2":8,"3":10,"4":0,"5":10,"6":10,"7":0,"8":10,"9":10,"10":10,"11":10,"12":10,"13":10,"14":6,"15":4,"16":0,"17":0,"18":10,"19":0,"20":10,"21":10,"22":1},"f":{"0":8,"1":10,"2":10,"3":10,"4":10,"5":0,"6":0,"7":10,"8":10},"b":{"0":[0],"1":[0,10],"2":[0,10],"3":[6,4],"4":[0,10]},"inputSourceMap":{"version":3,"file":"/home/mathan/Desktop/vs_ext/src/core/policies/PolicyEngine.ts","sources":["/home/mathan/Desktop/vs_ext/src/core/policies/PolicyEngine.ts"],"names":[],"mappings":";;;AAEA,MAAa,YAAY;IACvB,YAA6B,QAAsB,EAAE;QAAxB,UAAK,GAAL,KAAK,CAAmB;IAAG,CAAC;IAEzD,QAAQ,CAAC,QAAyB;QAChC,IAAI,IAAI,CAAC,KAAK,CAAC,MAAM,KAAK,CAAC,EAAE,CAAC;YAC5B,OAAO;gBACL,OAAO,EAAE,IAAI;gBACb,MAAM,EAAE,kCAAkC;gBAC1C,IAAI,EAAE,IAAI,CAAC,WAAW,CAAC,QAAQ,CAAC;aACjC,CAAC;QACJ,CAAC;QAED,MAAM,SAAS,GAAG,IAAI,CAAC,KAAK,CAAC,IAAI,CAAC,CAAC,IAAI,EAAE,EAAE;YACzC,IAAI,CAAC,IAAI,CAAC,OAAO;gBAAE,OAAO,KAAK,CAAC;YAChC,MAAM,OAAO,GAAG,QAAQ,CAAC,MAAM,CAAC,CAAC,OAAO,EAAE,EAAE,CAC1C,IAAI,CAAC,UAAU,CAAC,QAAQ,CAAC,OAAO,CAAC,QAAQ,CAAC,CAC3C,CAAC;YACF,MAAM,QAAQ,GAAG,OAAO,CAAC,MAAM,CAAC,CAAC,KAAK,EAAE,OAAO,EAAE,EAAE,CAAC,KAAK,GAAG,OAAO,CAAC,SAAS,CAAC,IAAI,EAAE,CAAC,CAAC,GAAG,IAAI,CAAC,GAAG,CAAC,CAAC,EAAE,OAAO,CAAC,MAAM,CAAC,CAAC;YACrH,OAAO,QAAQ,IAAI,IAAI,CAAC,SAAS,CAAC;QACpC,CAAC,CAAC,CAAC;QAEH,IAAI,SAAS,EAAE,CAAC;YACd,OAAO;gBACL,OAAO,EAAE,KAAK;gBACd,MAAM,EAAE,qBAAqB,SAAS,CAAC,IAAI,4BAA4B,SAAS,CAAC,SAAS,GAAG;gBAC7F,MAAM,EAAE,SAAS,CAAC,EAAE;gBACpB,IAAI,EAAE,IAAI,CAAC,WAAW,CAAC,QAAQ,CAAC;aACjC,CAAC;QACJ,CAAC;QAED,OAAO;YACL,OAAO,EAAE,IAAI;YACb,MAAM,EAAE,iCAAiC;YACzC,IAAI,EAAE,IAAI,CAAC,WAAW,CAAC,QAAQ,CAAC;SACjC,CAAC;IACJ,CAAC;IAED,UAAU,CAAC,IAAgB;QACzB,IAAI,CAAC,KAAK,CAAC,IAAI,CAAC,IAAI,CAAC,CAAC;IACxB,CAAC;IAED,QAAQ;QACN,OAAO,CAAC,GAAG,IAAI,CAAC,KAAK,CAAC,CAAC;IACzB,CAAC;IAEO,WAAW,CAAC,QAAyB;QAC3C,IAAI,QAAQ,CAAC,MAAM,KAAK,CAAC;YAAE,OAAO,CAAC,CAAC;QACpC,OAAO,MAAM,CACX,CACE,QAAQ,CAAC,MAAM,CAAC,CAAC,GAAG,EAAE,IAAI,EAAE,EAAE,CAAC,GAAG,GAAG,IAAI,CAAC,SAAS,CAAC,IAAI,EAAE,CAAC,CAAC,GAAG,QAAQ,CAAC,MAAM,CAC/E,CAAC,OAAO,CAAC,CAAC,CAAC,CACb,CAAC;IACJ,CAAC;CACF;AArDD,oCAqDC","sourcesContent":["import { PolicyDecision, PolicyRule, SecretFinding } from \"../../types\";\n\nexport class PolicyEngine {\n  constructor(private readonly rules: PolicyRule[] = []) {}\n\n  evaluate(findings: SecretFinding[]): PolicyDecision {\n    if (this.rules.length === 0) {\n      return {\n        allowed: true,\n        reason: \"No enterprise policy configured.\",\n        risk: this.averageRisk(findings),\n      };\n    }\n\n    const violation = this.rules.find((rule) => {\n      if (!rule.enabled) return false;\n      const matches = findings.filter((finding) =>\n        rule.categories.includes(finding.category)\n      );\n      const ruleRisk = matches.reduce((score, finding) => score + finding.detection.risk, 0) / Math.max(1, matches.length);\n      return ruleRisk >= rule.threshold;\n    });\n\n    if (violation) {\n      return {\n        allowed: false,\n        reason: `Policy violation: ${violation.name} exceeded risk threshold ${violation.threshold}.`,\n        ruleId: violation.id,\n        risk: this.averageRisk(findings),\n      };\n    }\n\n    return {\n      allowed: true,\n      reason: \"All configured policies passed.\",\n      risk: this.averageRisk(findings),\n    };\n  }\n\n  createRule(rule: PolicyRule): void {\n    this.rules.push(rule);\n  }\n\n  getRules(): PolicyRule[] {\n    return [...this.rules];\n  }\n\n  private averageRisk(findings: SecretFinding[]): number {\n    if (findings.length === 0) return 0;\n    return Number(\n      (\n        findings.reduce((sum, item) => sum + item.detection.risk, 0) / findings.length\n      ).toFixed(2)\n    );\n  }\n}"]},"_coverageSchema":"1a1c01bbd47fc00a2c39e90264f33305004495a9","hash":"f6ccdc13ff332430b847df7eb416b675817be200","contentHash":"eec98095e94343286b3ce9bfa4201a6157305e30d017524a7173b6d66104d6f5"},"/home/mathan/Desktop/vs_ext/src/clipboard/ClipboardAuditService.ts":{"path":"/home/mathan/Desktop/vs_ext/src/clipboard/ClipboardAuditService.ts","statementMap":{"0":{"start":{"line":2,"column":0},"end":{"line":2,"column":62}},"1":{"start":{"line":3,"column":0},"end":{"line":3,"column":39}},"2":{"start":{"line":6,"column":8},"end":{"line":6,"column":26}},"3":{"start":{"line":9,"column":8},"end":{"line":9,"column":34}},"4":{"start":{"line":12,"column":8},"end":{"line":12,"column":33}},"5":{"start":{"line":15,"column":28},"end":{"line":15,"column":47}},"6":{"start":{"line":16,"column":36},"end":{"line":16,"column":108}},"7":{"start":{"line":16,"column":68},"end":{"line":16,"column":100}},"8":{"start":{"line":17,"column":36},"end":{"line":17,"column":126}},"9":{"start":{"line":17,"column":68},"end":{"line":17,"column":118}},"10":{"start":{"line":18,"column":38},"end":{"line":20,"column":63}},"11":{"start":{"line":19,"column":32},"end":{"line":19,"column":81}},"12":{"start":{"line":20,"column":37},"end":{"line":20,"column":59}},"13":{"start":{"line":21,"column":8},"end":{"line":26,"column":10}},"14":{"start":{"line":29,"column":0},"end":{"line":29,"column":54}}},"fnMap":{"0":{"name":"(anonymous_0)","decl":{"start":{"line":5,"column":4},"end":{"line":5,"column":5}},"loc":{"start":{"line":5,"column":18},"end":{"line":7,"column":5}},"line":5},"1":{"name":"(anonymous_1)","decl":{"start":{"line":8,"column":4},"end":{"line":8,"column":5}},"loc":{"start":{"line":8,"column":16},"end":{"line":10,"column":5}},"line":8},"2":{"name":"(anonymous_2)","decl":{"start":{"line":11,"column":4},"end":{"line":11,"column":5}},"loc":{"start":{"line":11,"column":17},"end":{"line":13,"column":5}},"line":11},"3":{"name":"(anonymous_3)","decl":{"start":{"line":14,"column":4},"end":{"line":14,"column":5}},"loc":{"start":{"line":14,"column":17},"end":{"line":27,"column":5}},"line":14},"4":{"name":"(anonymous_4)","decl":{"start":{"line":16,"column":56},"end":{"line":16,"column":57}},"loc":{"start":{"line":16,"column":68},"end":{"line":16,"column":100}},"line":16},"5":{"name":"(anonymous_5)","decl":{"start":{"line":17,"column":56},"end":{"line":17,"column":57}},"loc":{"start":{"line":17,"column":68},"end":{"line":17,"column":118}},"line":17},"6":{"name":"(anonymous_6)","decl":{"start":{"line":19,"column":20},"end":{"line":19,"column":21}},"loc":{"start":{"line":19,"column":32},"end":{"line":19,"column":81}},"line":19},"7":{"name":"(anonymous_7)","decl":{"start":{"line":20,"column":20},"end":{"line":20,"column":21}},"loc":{"start":{"line":20,"column":37},"end":{"line":20,"column":59}},"line":20}},"branchMap":{"0":{"loc":{"start":{"line":17,"column":68},"end":{"line":17,"column":118}},"type":"binary-expr","locations":[{"start":{"line":17,"column":68},"end":{"line":17,"column":100}},{"start":{"line":17,"column":104},"end":{"line":17,"column":118}}],"line":17},"1":{"loc":{"start":{"line":19,"column":32},"end":{"line":19,"column":81}},"type":"binary-expr","locations":[{"start":{"line":19,"column":32},"end":{"line":19,"column":63}},{"start":{"line":19,"column":67},"end":{"line":19,"column":81}}],"line":19}},"s":{"0":1,"1":1,"2":10,"3":8,"4":0,"5":3,"6":3,"7":3,"8":3,"9":3,"10":3,"11":3,"12":1,"13":3,"14":1},"f":{"0":10,"1":8,"2":0,"3":3,"4":3,"5":3,"6":3,"7":1},"b":{"0":[3,1],"1":[3,1]},"inputSourceMap":{"version":3,"file":"/home/mathan/Desktop/vs_ext/src/clipboard/ClipboardAuditService.ts","sources":["/home/mathan/Desktop/vs_ext/src/clipboard/ClipboardAuditService.ts"],"names":[],"mappings":";;;AAEA,MAAa,qBAAqB;IAAlC;QACmB,YAAO,GAA2B,EAAE,CAAC;IAyBxD,CAAC;IAvBC,GAAG,CAAC,MAA4B;QAC9B,IAAI,CAAC,OAAO,CAAC,IAAI,CAAC,MAAM,CAAC,CAAC;IAC5B,CAAC;IAED,UAAU;QACR,OAAO,CAAC,GAAG,IAAI,CAAC,OAAO,CAAC,CAAC;IAC3B,CAAC;IAED,UAAU;QACR,MAAM,WAAW,GAAG,IAAI,CAAC,OAAO,CAAC,MAAM,CAAC;QACxC,MAAM,mBAAmB,GAAG,IAAI,CAAC,OAAO,CAAC,MAAM,CAAC,CAAC,MAAM,EAAE,EAAE,CAAC,MAAM,CAAC,MAAM,KAAK,cAAc,CAAC,CAAC,MAAM,CAAC;QACrG,MAAM,mBAAmB,GAAG,IAAI,CAAC,OAAO,CAAC,MAAM,CAAC,CAAC,MAAM,EAAE,EAAE,CAAC,MAAM,CAAC,MAAM,KAAK,cAAc,IAAI,MAAM,CAAC,OAAO,CAAC,CAAC,MAAM,CAAC;QACvH,MAAM,qBAAqB,GAAG,IAAI,CAAC,OAAO;aACvC,MAAM,CAAC,CAAC,MAAM,EAAE,EAAE,CAAC,MAAM,CAAC,MAAM,KAAK,aAAa,IAAI,MAAM,CAAC,OAAO,CAAC;aACrE,MAAM,CAAC,CAAC,GAAG,EAAE,MAAM,EAAE,EAAE,CAAC,GAAG,GAAG,MAAM,CAAC,SAAS,EAAE,CAAC,CAAC,CAAC;QAEtD,OAAO;YACL,WAAW;YACX,mBAAmB;YACnB,qBAAqB;YACrB,mBAAmB;SACpB,CAAC;IACJ,CAAC;CACF;AA1BD,sDA0BC","sourcesContent":["import { ClipboardAuditRecord, ClipboardAuditSummary } from \"../types\";\n\nexport class ClipboardAuditService {\n  private readonly records: ClipboardAuditRecord[] = [];\n\n  log(record: ClipboardAuditRecord): void {\n    this.records.push(record);\n  }\n\n  getRecords(): ClipboardAuditRecord[] {\n    return [...this.records];\n  }\n\n  getSummary(): ClipboardAuditSummary {\n    const totalEvents = this.records.length;\n    const blockedCopyAttempts = this.records.filter((record) => record.action === \"blocked_copy\").length;\n    const decryptedPasteCount = this.records.filter((record) => record.action === \"secure_paste\" && record.success).length;\n    const encryptedSecretsCount = this.records\n      .filter((record) => record.action === \"secure_copy\" && record.success)\n      .reduce((sum, record) => sum + record.itemCount, 0);\n\n    return {\n      totalEvents,\n      blockedCopyAttempts,\n      encryptedSecretsCount,\n      decryptedPasteCount,\n    };\n  }\n}\n"]},"_coverageSchema":"1a1c01bbd47fc00a2c39e90264f33305004495a9","hash":"15200d9b74e9501b3106fed75ad75b66488eb4bc","contentHash":"25125d01a5099c5908439ee14e39a122c94e5c4dc9717f0f34399e214e53662c"},"/home/mathan/Desktop/vs_ext/src/clipboard/SecureCopyService.ts":{"path":"/home/mathan/Desktop/vs_ext/src/clipboard/SecureCopyService.ts","statementMap":{"0":{"start":{"line":2,"column":0},"end":{"line":2,"column":62}},"1":{"start":{"line":3,"column":0},"end":{"line":3,"column":35}},"2":{"start":{"line":4,"column":27},"end":{"line":4,"column":70}},"3":{"start":{"line":5,"column":33},"end":{"line":5,"column":82}},"4":{"start":{"line":8,"column":8},"end":{"line":8,"column":41}},"5":{"start":{"line":9,"column":8},"end":{"line":9,"column":33}},"6":{"start":{"line":10,"column":8},"end":{"line":10,"column":41}},"7":{"start":{"line":11,"column":8},"end":{"line":11,"column":27}},"8":{"start":{"line":12,"column":8},"end":{"line":12,"column":79}},"9":{"start":{"line":13,"column":8},"end":{"line":13,"column":68}},"10":{"start":{"line":16,"column":32},"end":{"line":16,"column":59}},"11":{"start":{"line":17,"column":28},"end":{"line":17,"column":108}},"12":{"start":{"line":17,"column":89},"end":{"line":17,"column":105}},"13":{"start":{"line":18,"column":26},"end":{"line":18,"column":49}},"14":{"start":{"line":20,"column":31},"end":{"line":20,"column":83}},"15":{"start":{"line":22,"column":33},"end":{"line":22,"column":85}},"16":{"start":{"line":23,"column":24},"end":{"line":23,"column":76}},"17":{"start":{"line":24,"column":8},"end":{"line":36,"column":9}},"18":{"start":{"line":25,"column":27},"end":{"line":25,"column":101}},"19":{"start":{"line":26,"column":12},"end":{"line":34,"column":15}},"20":{"start":{"line":35,"column":12},"end":{"line":35,"column":89}},"21":{"start":{"line":38,"column":21},"end":{"line":38,"column":25}},"22":{"start":{"line":39,"column":31},"end":{"line":39,"column":32}},"23":{"start":{"line":40,"column":8},"end":{"line":67,"column":9}},"24":{"start":{"line":41,"column":12},"end":{"line":66,"column":13}},"25":{"start":{"line":42,"column":39},"end":{"line":42,"column":78}},"26":{"start":{"line":43,"column":36},"end":{"line":46,"column":18}},"27":{"start":{"line":48,"column":16},"end":{"line":48,"column":77}},"28":{"start":{"line":49,"column":16},"end":{"line":49,"column":38}},"29":{"start":{"line":50,"column":16},"end":{"line":52,"column":17}},"30":{"start":{"line":51,"column":20},"end":{"line":51,"column":53}},"31":{"start":{"line":55,"column":31},"end":{"line":55,"column":123}},"32":{"start":{"line":56,"column":16},"end":{"line":64,"column":19}},"33":{"start":{"line":65,"column":16},"end":{"line":65,"column":93}},"34":{"start":{"line":69,"column":8},"end":{"line":76,"column":11}},"35":{"start":{"line":77,"column":8},"end":{"line":77,"column":83}},"36":{"start":{"line":80,"column":0},"end":{"line":80,"column":46}}},"fnMap":{"0":{"name":"(anonymous_0)","decl":{"start":{"line":7,"column":4},"end":{"line":7,"column":5}},"loc":{"start":{"line":7,"column":61},"end":{"line":14,"column":5}},"line":7},"1":{"name":"(anonymous_1)","decl":{"start":{"line":15,"column":4},"end":{"line":15,"column":5}},"loc":{"start":{"line":15,"column":21},"end":{"line":78,"column":5}},"line":15},"2":{"name":"(anonymous_2)","decl":{"start":{"line":17,"column":76},"end":{"line":17,"column":77}},"loc":{"start":{"line":17,"column":89},"end":{"line":17,"column":105}},"line":17}},"branchMap":{"0":{"loc":{"start":{"line":23,"column":24},"end":{"line":23,"column":76}},"type":"binary-expr","locations":[{"start":{"line":23,"column":24},"end":{"line":23,"column":47}},{"start":{"line":23,"column":51},"end":{"line":23,"column":76}}],"line":23},"1":{"loc":{"start":{"line":24,"column":8},"end":{"line":36,"column":9}},"type":"if","locations":[{"start":{"line":24,"column":8},"end":{"line":36,"column":9}},{"start":{},"end":{}}],"line":24},"2":{"loc":{"start":{"line":50,"column":16},"end":{"line":52,"column":17}},"type":"if","locations":[{"start":{"line":50,"column":16},"end":{"line":52,"column":17}},{"start":{},"end":{}}],"line":50},"3":{"loc":{"start":{"line":55,"column":67},"end":{"line":55,"column":121}},"type":"cond-expr","locations":[{"start":{"line":55,"column":92},"end":{"line":55,"column":105}},{"start":{"line":55,"column":108},"end":{"line":55,"column":121}}],"line":55}},"s":{"0":1,"1":1,"2":1,"3":1,"4":5,"5":5,"6":5,"7":5,"8":5,"9":5,"10":4,"11":4,"12":4,"13":4,"14":4,"15":4,"16":4,"17":4,"18":2,"19":2,"20":2,"21":2,"22":2,"23":2,"24":2,"25":2,"26":2,"27":2,"28":2,"29":2,"30":0,"31":0,"32":0,"33":0,"34":2,"35":2,"36":1},"f":{"0":5,"1":4,"2":4},"b":{"0":[4,2],"1":[2,2],"2":[0,2],"3":[0,0]},"inputSourceMap":{"version":3,"file":"/home/mathan/Desktop/vs_ext/src/clipboard/SecureCopyService.ts","sources":["/home/mathan/Desktop/vs_ext/src/clipboard/SecureCopyService.ts"],"names":[],"mappings":";;;AACA,uEAAoE;AACpE,mFAAgF;AAchF,MAAa,iBAAiB;IAI5B,YACmB,YAA0B,EAC1B,QAA0B,EAC1B,YAAmC,EACnC,KAAkB;QAHlB,iBAAY,GAAZ,YAAY,CAAc;QAC1B,aAAQ,GAAR,QAAQ,CAAkB;QAC1B,iBAAY,GAAZ,YAAY,CAAuB;QACnC,UAAK,GAAL,KAAK,CAAa;QAPpB,cAAS,GAAG,IAAI,+CAAsB,EAAE,CAAC;QACzC,eAAU,GAAG,IAAI,mCAAgB,EAAE,CAAC;IAOlD,CAAC;IAEJ,KAAK,CAAC,IAAI,CAAC,IAAY;QACrB,MAAM,eAAe,GAAG,IAAI,CAAC,SAAS,CAAC,MAAM,CAAC,IAAI,CAAC,CAAC;QACpD,MAAM,WAAW,GAAG,KAAK,CAAC,IAAI,CAAC,IAAI,GAAG,CAAC,eAAe,CAAC,QAAQ,CAAC,GAAG,CAAC,CAAC,OAAO,EAAE,EAAE,CAAC,OAAO,CAAC,QAAQ,CAAC,CAAC,CAAC,CAAC;QACrG,MAAM,SAAS,GAAG,eAAe,CAAC,OAAO,CAAC;QAE1C,eAAe;QACf,MAAM,cAAc,GAAG,IAAI,CAAC,YAAY,CAAC,QAAQ,CAAC,eAAe,CAAC,QAAQ,CAAC,CAAC;QAE5E,iBAAiB;QACjB,MAAM,gBAAgB,GAAG,IAAI,CAAC,QAAQ,CAAC,OAAO,CAAC,EAAE,MAAM,EAAE,WAAW,EAAE,IAAI,EAAE,CAAC,CAAC;QAE9E,MAAM,OAAO,GAAG,CAAC,cAAc,CAAC,OAAO,IAAI,CAAC,gBAAgB,CAAC,OAAO,CAAC;QAErE,IAAI,OAAO,EAAE,CAAC;YACZ,MAAM,MAAM,GAAG,CAAC,cAAc,CAAC,MAAM,EAAE,gBAAgB,CAAC,MAAM,CAAC,CAAC,MAAM,CAAC,OAAO,CAAC,CAAC,IAAI,CAAC,GAAG,CAAC,CAAC;YAC1F,IAAI,CAAC,YAAY,CAAC,GAAG,CAAC;gBACpB,MAAM,EAAE,cAAc;gBACtB,SAAS,EAAE,IAAI,IAAI,EAAE,CAAC,WAAW,EAAE;gBACnC,SAAS;gBACT,WAAW;gBACX,OAAO,EAAE,KAAK;gBACd,MAAM;gBACN,SAAS,EAAE,eAAe,CAAC,QAAQ,CAAC,MAAM;aAC3C,CAAC,CAAC;YACH,OAAO,EAAE,IAAI,EAAE,OAAO,EAAE,IAAI,EAAE,MAAM,EAAE,IAAI,EAAE,SAAS,EAAE,gBAAgB,EAAE,CAAC,EAAE,CAAC;QAC/E,CAAC;QAED,8CAA8C;QAC9C,IAAI,MAAM,GAAG,IAAI,CAAC;QAClB,IAAI,gBAAgB,GAAG,CAAC,CAAC;QAEzB,KAAK,MAAM,OAAO,IAAI,eAAe,CAAC,QAAQ,EAAE,CAAC;YAC/C,IAAI,CAAC;gBACH,MAAM,cAAc,GAAG,IAAI,CAAC,UAAU,CAAC,QAAQ,CAAC,OAAO,CAAC,KAAK,CAAmB,CAAC;gBACjF,MAAM,WAAW,GAAG,MAAM,IAAI,CAAC,KAAK,CAAC,KAAK,CAAC,OAAO,CAAC,KAAK,EAAE,cAAc,EAAE,SAAS,EAAE;oBACnF,MAAM,EAAE,gBAAgB;oBACxB,QAAQ,EAAE,WAAW;iBACtB,CAAC,CAAC;gBAEH,4BAA4B;gBAC5B,MAAM,GAAG,MAAM,CAAC,UAAU,CAAC,OAAO,CAAC,KAAK,EAAE,WAAW,CAAC,KAAK,CAAC,CAAC;gBAC7D,gBAAgB,IAAI,CAAC,CAAC;gBAEtB,IAAI,CAAC,WAAW,CAAC,QAAQ,CAAC,cAAc,CAAC,EAAE,CAAC;oBAC1C,WAAW,CAAC,IAAI,CAAC,cAAc,CAAC,CAAC;gBACnC,CAAC;YACH,CAAC;YAAC,OAAO,KAAK,EAAE,CAAC;gBACf,MAAM,MAAM,GAAG,oCAAoC,KAAK,YAAY,KAAK,CAAC,CAAC,CAAC,KAAK,CAAC,OAAO,CAAC,CAAC,CAAC,MAAM,CAAC,KAAK,CAAC,EAAE,CAAC;gBAC5G,IAAI,CAAC,YAAY,CAAC,GAAG,CAAC;oBACpB,MAAM,EAAE,cAAc;oBACtB,SAAS,EAAE,IAAI,IAAI,EAAE,CAAC,WAAW,EAAE;oBACnC,SAAS;oBACT,WAAW;oBACX,OAAO,EAAE,KAAK;oBACd,MAAM;oBACN,SAAS,EAAE,CAAC;iBACb,CAAC,CAAC;gBACH,OAAO,EAAE,IAAI,EAAE,OAAO,EAAE,IAAI,EAAE,MAAM,EAAE,IAAI,EAAE,SAAS,EAAE,gBAAgB,EAAE,CAAC,EAAE,CAAC;YAC/E,CAAC;QACH,CAAC;QAED,sBAAsB;QACtB,IAAI,CAAC,YAAY,CAAC,GAAG,CAAC;YACpB,MAAM,EAAE,aAAa;YACrB,SAAS,EAAE,IAAI,IAAI,EAAE,CAAC,WAAW,EAAE;YACnC,SAAS;YACT,WAAW;YACX,OAAO,EAAE,IAAI;YACb,SAAS,EAAE,gBAAgB;SAC5B,CAAC,CAAC;QAEH,OAAO,EAAE,IAAI,EAAE,MAAM,EAAE,OAAO,EAAE,KAAK,EAAE,IAAI,EAAE,SAAS,EAAE,gBAAgB,EAAE,CAAC;IAC7E,CAAC;CACF;AApFD,8CAoFC","sourcesContent":["import { AiPromptFirewall } from \"../core/firewall/AiPromptFirewall\";\nimport { SecretClassifier } from \"../core/secrets/SecretClassifier\";\nimport { SecretDetectionService } from \"../core/secrets/SecretDetectionService\";\nimport { PolicyEngine } from \"../core/policies/PolicyEngine\";\nimport { SecureVault } from \"../core/vault/SecureVault\";\nimport { ClipboardAuditService } from \"./ClipboardAuditService\";\nimport { SecretCategory } from \"../types\";\n\nexport interface SecureCopyResult {\n  text: string;\n  blocked: boolean;\n  reason?: string;\n  risk: number;\n  secretsProtected: number;\n}\n\nexport class SecureCopyService {\n  private readonly detection = new SecretDetectionService();\n  private readonly classifier = new SecretClassifier();\n\n  constructor(\n    private readonly policyEngine: PolicyEngine,\n    private readonly firewall: AiPromptFirewall,\n    private readonly auditService: ClipboardAuditService,\n    private readonly vault: SecureVault\n  ) {}\n\n  async copy(text: string): Promise<SecureCopyResult> {\n    const detectionResult = this.detection.detect(text);\n    const secretTypes = Array.from(new Set(detectionResult.findings.map((finding) => finding.category)));\n    const riskScore = detectionResult.maxRisk;\n\n    // Check policy\n    const policyDecision = this.policyEngine.evaluate(detectionResult.findings);\n    \n    // Check firewall\n    const firewallDecision = this.firewall.inspect({ source: \"clipboard\", text });\n    \n    const blocked = !policyDecision.allowed || !firewallDecision.allowed;\n\n    if (blocked) {\n      const reason = [policyDecision.reason, firewallDecision.reason].filter(Boolean).join(\" \");\n      this.auditService.log({\n        action: \"blocked_copy\",\n        timestamp: new Date().toISOString(),\n        riskScore,\n        secretTypes,\n        success: false,\n        reason,\n        itemCount: detectionResult.findings.length,\n      });\n      return { text, blocked: true, reason, risk: riskScore, secretsProtected: 0 };\n    }\n\n    // Store secrets in vault, replace with tokens\n    let output = text;\n    let secretsProtected = 0;\n\n    for (const finding of detectionResult.findings) {\n      try {\n        const classification = this.classifier.classify(finding.value) as SecretCategory;\n        const vaultResult = await this.vault.store(finding.value, classification, riskScore, {\n          source: \"clipboard_copy\",\n          filePath: \"clipboard\",\n        });\n\n        // Replace secret with token\n        output = output.replaceAll(finding.value, vaultResult.token);\n        secretsProtected += 1;\n\n        if (!secretTypes.includes(classification)) {\n          secretTypes.push(classification);\n        }\n      } catch (error) {\n        const reason = `Failed to store secret in vault: ${error instanceof Error ? error.message : String(error)}`;\n        this.auditService.log({\n          action: \"blocked_copy\",\n          timestamp: new Date().toISOString(),\n          riskScore,\n          secretTypes,\n          success: false,\n          reason,\n          itemCount: 1,\n        });\n        return { text, blocked: true, reason, risk: riskScore, secretsProtected: 0 };\n      }\n    }\n\n    // Log successful copy\n    this.auditService.log({\n      action: \"secure_copy\",\n      timestamp: new Date().toISOString(),\n      riskScore,\n      secretTypes,\n      success: true,\n      itemCount: secretsProtected,\n    });\n\n    return { text: output, blocked: false, risk: riskScore, secretsProtected };\n  }\n}\n"]},"_coverageSchema":"1a1c01bbd47fc00a2c39e90264f33305004495a9","hash":"bb6cc26cd2f8f2f88106cb63bf9db1583a6013c0","contentHash":"33deb865ac5275c95baf6eaed810e72cbcc403b024cdbbcbc2e9661a7032bd27"},"/home/mathan/Desktop/vs_ext/src/clipboard/SecurePasteService.ts":{"path":"/home/mathan/Desktop/vs_ext/src/clipboard/SecurePasteService.ts","statementMap":{"0":{"start":{"line":2,"column":0},"end":{"line":2,"column":62}},"1":{"start":{"line":3,"column":0},"end":{"line":3,"column":36}},"2":{"start":{"line":23,"column":8},"end":{"line":23,"column":41}},"3":{"start":{"line":24,"column":8},"end":{"line":24,"column":27}},"4":{"start":{"line":27,"column":23},"end":{"line":27,"column":47}},"5":{"start":{"line":28,"column":8},"end":{"line":30,"column":9}},"6":{"start":{"line":29,"column":12},"end":{"line":29,"column":62}},"7":{"start":{"line":31,"column":26},"end":{"line":31,"column":30}},"8":{"start":{"line":32,"column":29},"end":{"line":32,"column":30}},"9":{"start":{"line":33,"column":29},"end":{"line":33,"column":31}},"10":{"start":{"line":34,"column":8},"end":{"line":51,"column":9}},"11":{"start":{"line":35,"column":12},"end":{"line":50,"column":13}},"12":{"start":{"line":37,"column":31},"end":{"line":37,"column":63}},"13":{"start":{"line":38,"column":16},"end":{"line":42,"column":17}},"14":{"start":{"line":39,"column":35},"end":{"line":39,"column":77}},"15":{"start":{"line":40,"column":20},"end":{"line":40,"column":61}},"16":{"start":{"line":41,"column":20},"end":{"line":41,"column":29}},"17":{"start":{"line":44,"column":16},"end":{"line":44,"column":75}},"18":{"start":{"line":45,"column":16},"end":{"line":45,"column":36}},"19":{"start":{"line":48,"column":31},"end":{"line":48,"column":125}},"20":{"start":{"line":49,"column":16},"end":{"line":49,"column":57}},"21":{"start":{"line":53,"column":8},"end":{"line":65,"column":9}},"22":{"start":{"line":54,"column":27},"end":{"line":54,"column":86}},"23":{"start":{"line":55,"column":12},"end":{"line":63,"column":15}},"24":{"start":{"line":64,"column":12},"end":{"line":64,"column":86}},"25":{"start":{"line":67,"column":8},"end":{"line":74,"column":11}},"26":{"start":{"line":75,"column":8},"end":{"line":75,"column":68}},"27":{"start":{"line":82,"column":24},"end":{"line":82,"column":127}},"28":{"start":{"line":83,"column":8},"end":{"line":83,"column":29}},"29":{"start":{"line":86,"column":0},"end":{"line":86,"column":48}}},"fnMap":{"0":{"name":"(anonymous_0)","decl":{"start":{"line":22,"column":4},"end":{"line":22,"column":5}},"loc":{"start":{"line":22,"column":37},"end":{"line":25,"column":5}},"line":22},"1":{"name":"(anonymous_1)","decl":{"start":{"line":26,"column":4},"end":{"line":26,"column":5}},"loc":{"start":{"line":26,"column":22},"end":{"line":76,"column":5}},"line":26},"2":{"name":"(anonymous_2)","decl":{"start":{"line":81,"column":4},"end":{"line":81,"column":5}},"loc":{"start":{"line":81,"column":24},"end":{"line":84,"column":5}},"line":81}},"branchMap":{"0":{"loc":{"start":{"line":28,"column":8},"end":{"line":30,"column":9}},"type":"if","locations":[{"start":{"line":28,"column":8},"end":{"line":30,"column":9}},{"start":{},"end":{}}],"line":28},"1":{"loc":{"start":{"line":38,"column":16},"end":{"line":42,"column":17}},"type":"if","locations":[{"start":{"line":38,"column":16},"end":{"line":42,"column":17}},{"start":{},"end":{}}],"line":38},"2":{"loc":{"start":{"line":38,"column":20},"end":{"line":38,"column":51}},"type":"binary-expr","locations":[{"start":{"line":38,"column":20},"end":{"line":38,"column":33}},{"start":{"line":38,"column":37},"end":{"line":38,"column":51}}],"line":38},"3":{"loc":{"start":{"line":39,"column":35},"end":{"line":39,"column":77}},"type":"binary-expr","locations":[{"start":{"line":39,"column":35},"end":{"line":39,"column":47}},{"start":{"line":39,"column":51},"end":{"line":39,"column":77}}],"line":39},"4":{"loc":{"start":{"line":48,"column":69},"end":{"line":48,"column":123}},"type":"cond-expr","locations":[{"start":{"line":48,"column":94},"end":{"line":48,"column":107}},{"start":{"line":48,"column":110},"end":{"line":48,"column":123}}],"line":48},"5":{"loc":{"start":{"line":53,"column":8},"end":{"line":65,"column":9}},"type":"if","locations":[{"start":{"line":53,"column":8},"end":{"line":65,"column":9}},{"start":{},"end":{}}],"line":53},"6":{"loc":{"start":{"line":83,"column":15},"end":{"line":83,"column":28}},"type":"binary-expr","locations":[{"start":{"line":83,"column":15},"end":{"line":83,"column":22}},{"start":{"line":83,"column":26},"end":{"line":83,"column":28}}],"line":83}},"s":{"0":1,"1":1,"2":5,"3":5,"4":5,"5":5,"6":1,"7":4,"8":4,"9":4,"10":4,"11":4,"12":4,"13":4,"14":2,"15":2,"16":2,"17":2,"18":2,"19":0,"20":0,"21":4,"22":2,"23":2,"24":2,"25":2,"26":2,"27":5,"28":5,"29":1},"f":{"0":5,"1":5,"2":5},"b":{"0":[1,4],"1":[2,2],"2":[4,2],"3":[2,0],"4":[0,0],"5":[2,2],"6":[5,1]},"inputSourceMap":{"version":3,"file":"/home/mathan/Desktop/vs_ext/src/clipboard/SecurePasteService.ts","sources":["/home/mathan/Desktop/vs_ext/src/clipboard/SecurePasteService.ts"],"names":[],"mappings":";;;AAWA;;;;;;;;;;;;;;;;GAgBG;AACH,MAAa,kBAAkB;IAC7B,YACmB,YAAmC,EACnC,KAAkB;QADlB,iBAAY,GAAZ,YAAY,CAAuB;QACnC,UAAK,GAAL,KAAK,CAAa;IAClC,CAAC;IAEJ,KAAK,CAAC,KAAK,CAAC,IAAY;QACtB,MAAM,MAAM,GAAG,IAAI,CAAC,aAAa,CAAC,IAAI,CAAC,CAAC;QAExC,IAAI,MAAM,CAAC,MAAM,KAAK,CAAC,EAAE,CAAC;YACxB,OAAO,EAAE,IAAI,EAAE,OAAO,EAAE,IAAI,EAAE,cAAc,EAAE,CAAC,EAAE,CAAC;QACpD,CAAC;QAED,IAAI,WAAW,GAAG,IAAI,CAAC;QACvB,IAAI,cAAc,GAAG,CAAC,CAAC;QACvB,MAAM,YAAY,GAAa,EAAE,CAAC;QAElC,KAAK,MAAM,KAAK,IAAI,KAAK,CAAC,IAAI,CAAC,IAAI,GAAG,CAAC,MAAM,CAAC,CAAC,EAAE,CAAC;YAChD,IAAI,CAAC;gBACH,gDAAgD;gBAChD,MAAM,MAAM,GAAG,MAAM,IAAI,CAAC,KAAK,CAAC,QAAQ,CAAC,KAAK,CAAC,CAAC;gBAEhD,IAAI,CAAC,MAAM,CAAC,KAAK,IAAI,CAAC,MAAM,CAAC,MAAM,EAAE,CAAC;oBACpC,MAAM,MAAM,GAAG,MAAM,CAAC,KAAK,IAAI,0BAA0B,CAAC;oBAC1D,YAAY,CAAC,IAAI,CAAC,GAAG,KAAK,KAAK,MAAM,EAAE,CAAC,CAAC;oBACzC,SAAS;gBACX,CAAC;gBAED,sCAAsC;gBACtC,WAAW,GAAG,WAAW,CAAC,UAAU,CAAC,KAAK,EAAE,MAAM,CAAC,MAAM,CAAC,CAAC;gBAC3D,cAAc,IAAI,CAAC,CAAC;YACtB,CAAC;YAAC,OAAO,KAAK,EAAE,CAAC;gBACf,MAAM,MAAM,GAAG,sCAAsC,KAAK,YAAY,KAAK,CAAC,CAAC,CAAC,KAAK,CAAC,OAAO,CAAC,CAAC,CAAC,MAAM,CAAC,KAAK,CAAC,EAAE,CAAC;gBAC9G,YAAY,CAAC,IAAI,CAAC,GAAG,KAAK,KAAK,MAAM,EAAE,CAAC,CAAC;YAC3C,CAAC;QACH,CAAC;QAED,0DAA0D;QAC1D,IAAI,YAAY,CAAC,MAAM,GAAG,CAAC,EAAE,CAAC;YAC5B,MAAM,MAAM,GAAG,kCAAkC,YAAY,CAAC,IAAI,CAAC,IAAI,CAAC,EAAE,CAAC;YAC3E,IAAI,CAAC,YAAY,CAAC,GAAG,CAAC;gBACpB,MAAM,EAAE,eAAe;gBACvB,SAAS,EAAE,IAAI,IAAI,EAAE,CAAC,WAAW,EAAE;gBACnC,SAAS,EAAE,CAAC;gBACZ,WAAW,EAAE,EAAE;gBACf,OAAO,EAAE,KAAK;gBACd,MAAM;gBACN,SAAS,EAAE,MAAM,CAAC,MAAM;aACzB,CAAC,CAAC;YACH,OAAO,EAAE,IAAI,EAAE,OAAO,EAAE,KAAK,EAAE,OAAO,EAAE,IAAI,EAAE,MAAM,EAAE,cAAc,EAAE,CAAC,EAAE,CAAC;QAC5E,CAAC;QAED,uBAAuB;QACvB,IAAI,CAAC,YAAY,CAAC,GAAG,CAAC;YACpB,MAAM,EAAE,cAAc;YACtB,SAAS,EAAE,IAAI,IAAI,EAAE,CAAC,WAAW,EAAE;YACnC,SAAS,EAAE,CAAC;YACZ,WAAW,EAAE,EAAE;YACf,OAAO,EAAE,IAAI;YACb,SAAS,EAAE,cAAc;SAC1B,CAAC,CAAC;QAEH,OAAO,EAAE,IAAI,EAAE,WAAW,EAAE,OAAO,EAAE,IAAI,EAAE,cAAc,EAAE,CAAC;IAC9D,CAAC;IAED;;;OAGG;IACH,aAAa,CAAC,IAAY;QACxB,MAAM,OAAO,GAAG,IAAI,CAAC,KAAK,CAAC,2FAA2F,CAAC,CAAC;QACxH,OAAO,OAAO,IAAI,EAAE,CAAC;IACvB,CAAC;CACF;AAzED,gDAyEC","sourcesContent":["import { ClipboardAuditService } from \"./ClipboardAuditService\";\nimport { SecureVault } from \"../core/vault/SecureVault\";\n\nexport interface SecurePasteResult {\n  text: string;\n  success: boolean;\n  blocked?: boolean;\n  reason?: string;\n  decryptedCount: number;\n}\n\n/**\n * SecurePasteService: Zero-trust secure paste with vault lookup\n *\n * Workflow:\n * 1. Extract vault reference tokens from clipboard text\n * 2. Look up each token in vault\n * 3. Validate token exists and entry is valid\n * 4. Decrypt secret using vault (master key protected)\n * 5. Replace token with original secret\n * 6. Log paste event\n *\n * Security:\n * - Token lookup fails if entry doesn't exist\n * - Decryption only succeeds with valid master key\n * - Token theft cannot recover secret\n * - Failed decryption blocks the entire paste\n */\nexport class SecurePasteService {\n  constructor(\n    private readonly auditService: ClipboardAuditService,\n    private readonly vault: SecureVault\n  ) {}\n\n  async paste(text: string): Promise<SecurePasteResult> {\n    const tokens = this.extractTokens(text);\n\n    if (tokens.length === 0) {\n      return { text, success: true, decryptedCount: 0 };\n    }\n\n    let decodedText = text;\n    let decryptedCount = 0;\n    const failedTokens: string[] = [];\n\n    for (const token of Array.from(new Set(tokens))) {\n      try {\n        // Look up token in vault (master key protected)\n        const result = await this.vault.retrieve(token);\n\n        if (!result.found || !result.secret) {\n          const reason = result.error || \"Token not found in vault\";\n          failedTokens.push(`${token}: ${reason}`);\n          continue;\n        }\n\n        // Replace token with decrypted secret\n        decodedText = decodedText.replaceAll(token, result.secret);\n        decryptedCount += 1;\n      } catch (error) {\n        const reason = `Token integrity validation failed: ${error instanceof Error ? error.message : String(error)}`;\n        failedTokens.push(`${token}: ${reason}`);\n      }\n    }\n\n    // If any tokens failed decryption, block the entire paste\n    if (failedTokens.length > 0) {\n      const reason = `Vault token decryption failed: ${failedTokens.join(\"; \")}`;\n      this.auditService.log({\n        action: \"blocked_paste\",\n        timestamp: new Date().toISOString(),\n        riskScore: 1,\n        secretTypes: [],\n        success: false,\n        reason,\n        itemCount: tokens.length,\n      });\n      return { text, success: false, blocked: true, reason, decryptedCount: 0 };\n    }\n\n    // Log successful paste\n    this.auditService.log({\n      action: \"secure_paste\",\n      timestamp: new Date().toISOString(),\n      riskScore: 0,\n      secretTypes: [],\n      success: true,\n      itemCount: decryptedCount,\n    });\n\n    return { text: decodedText, success: true, decryptedCount };\n  }\n\n  /**\n   * Extract vault reference tokens from text\n   * Token format: DEVLEAKSHIELD_TOKEN_<uuid>\n   */\n  extractTokens(text: string): string[] {\n    const matches = text.match(/DEVLEAKSHIELD_TOKEN_[0-9a-f]{8}-[0-9a-f]{4}-4[0-9a-f]{3}-[89ab][0-9a-f]{3}-[0-9a-f]{12}/gi);\n    return matches ?? [];\n  }\n}\n"]},"_coverageSchema":"1a1c01bbd47fc00a2c39e90264f33305004495a9","hash":"a7f1f25233db156a1fd792a2c84f122f801231f0","contentHash":"bff4352362863cfc75a34eea1df640372727ae6f1ada2699c15d8f9937dfd66a"},"/home/mathan/Desktop/vs_ext/src/core/vault/SecureVault.ts":{"path":"/home/mathan/Desktop/vs_ext/src/core/vault/SecureVault.ts","statementMap":{"0":{"start":{"line":2,"column":0},"end":{"line":2,"column":62}},"1":{"start":{"line":3,"column":0},"end":{"line":3,"column":29}},"2":{"start":{"line":4,"column":24},"end":{"line":4,"column":58}},"3":{"start":{"line":5,"column":25},"end":{"line":5,"column":60}},"4":{"start":{"line":22,"column":8},"end":{"line":22,"column":43}},"5":{"start":{"line":23,"column":8},"end":{"line":23,"column":47}},"6":{"start":{"line":24,"column":8},"end":{"line":24,"column":64}},"7":{"start":{"line":25,"column":8},"end":{"line":25,"column":33}},"8":{"start":{"line":26,"column":8},"end":{"line":26,"column":35}},"9":{"start":{"line":32,"column":8},"end":{"line":34,"column":9}},"10":{"start":{"line":33,"column":12},"end":{"line":33,"column":62}},"11":{"start":{"line":35,"column":8},"end":{"line":50,"column":9}},"12":{"start":{"line":36,"column":31},"end":{"line":36,"column":75}},"13":{"start":{"line":37,"column":12},"end":{"line":42,"column":13}},"14":{"start":{"line":39,"column":16},"end":{"line":39,"column":41}},"15":{"start":{"line":40,"column":16},"end":{"line":40,"column":42}},"16":{"start":{"line":41,"column":16},"end":{"line":41,"column":23}},"17":{"start":{"line":44,"column":30},"end":{"line":44,"column":95}},"18":{"start":{"line":45,"column":27},"end":{"line":45,"column":48}},"19":{"start":{"line":46,"column":12},"end":{"line":46,"column":59}},"20":{"start":{"line":49,"column":12},"end":{"line":49,"column":118}},"21":{"start":{"line":67,"column":8},"end":{"line":69,"column":9}},"22":{"start":{"line":68,"column":12},"end":{"line":68,"column":53}},"23":{"start":{"line":71,"column":22},"end":{"line":71,"column":64}},"24":{"start":{"line":72,"column":24},"end":{"line":72,"column":72}},"25":{"start":{"line":74,"column":22},"end":{"line":81,"column":9}},"26":{"start":{"line":83,"column":8},"end":{"line":83,"column":41}},"27":{"start":{"line":85,"column":8},"end":{"line":85,"column":29}},"28":{"start":{"line":87,"column":8},"end":{"line":92,"column":10}},"29":{"start":{"line":108,"column":8},"end":{"line":143,"column":9}},"30":{"start":{"line":109,"column":12},"end":{"line":114,"column":13}},"31":{"start":{"line":110,"column":16},"end":{"line":113,"column":18}},"32":{"start":{"line":115,"column":28},"end":{"line":115,"column":76}},"33":{"start":{"line":116,"column":26},"end":{"line":116,"column":51}},"34":{"start":{"line":117,"column":12},"end":{"line":122,"column":13}},"35":{"start":{"line":118,"column":16},"end":{"line":121,"column":18}},"36":{"start":{"line":123,"column":12},"end":{"line":128,"column":13}},"37":{"start":{"line":124,"column":16},"end":{"line":127,"column":18}},"38":{"start":{"line":130,"column":30},"end":{"line":130,"column":106}},"39":{"start":{"line":131,"column":12},"end":{"line":136,"column":14}},"40":{"start":{"line":139,"column":12},"end":{"line":142,"column":14}},"41":{"start":{"line":150,"column":8},"end":{"line":160,"column":9}},"42":{"start":{"line":151,"column":28},"end":{"line":151,"column":76}},"43":{"start":{"line":152,"column":28},"end":{"line":152,"column":56}},"44":{"start":{"line":153,"column":12},"end":{"line":155,"column":13}},"45":{"start":{"line":154,"column":16},"end":{"line":154,"column":37}},"46":{"start":{"line":156,"column":12},"end":{"line":156,"column":27}},"47":{"start":{"line":159,"column":12},"end":{"line":159,"column":25}},"48":{"start":{"line":166,"column":27},"end":{"line":166,"column":29}},"49":{"start":{"line":167,"column":24},"end":{"line":167,"column":25}},"50":{"start":{"line":168,"column":8},"end":{"line":171,"column":9}},"51":{"start":{"line":169,"column":12},"end":{"line":169,"column":91}},"52":{"start":{"line":170,"column":12},"end":{"line":170,"column":41}},"53":{"start":{"line":172,"column":8},"end":{"line":176,"column":10}},"54":{"start":{"line":184,"column":8},"end":{"line":186,"column":9}},"55":{"start":{"line":185,"column":12},"end":{"line":185,"column":53}},"56":{"start":{"line":187,"column":30},"end":{"line":187,"column":62}},"57":{"start":{"line":188,"column":21},"end":{"line":188,"column":50}},"58":{"start":{"line":189,"column":26},"end":{"line":189,"column":85}},"59":{"start":{"line":190,"column":8},"end":{"line":190,"column":66}},"60":{"start":{"line":191,"column":8},"end":{"line":191,"column":34}},"61":{"start":{"line":198,"column":25},"end":{"line":203,"column":9}},"62":{"start":{"line":204,"column":8},"end":{"line":204,"column":90}},"63":{"start":{"line":207,"column":0},"end":{"line":207,"column":34}}},"fnMap":{"0":{"name":"(anonymous_0)","decl":{"start":{"line":21,"column":4},"end":{"line":21,"column":5}},"loc":{"start":{"line":21,"column":42},"end":{"line":27,"column":5}},"line":21},"1":{"name":"(anonymous_1)","decl":{"start":{"line":31,"column":4},"end":{"line":31,"column":5}},"loc":{"start":{"line":31,"column":23},"end":{"line":51,"column":5}},"line":31},"2":{"name":"(anonymous_2)","decl":{"start":{"line":66,"column":4},"end":{"line":66,"column":5}},"loc":{"start":{"line":66,"column":61},"end":{"line":93,"column":5}},"line":66},"3":{"name":"(anonymous_3)","decl":{"start":{"line":107,"column":4},"end":{"line":107,"column":5}},"loc":{"start":{"line":107,"column":26},"end":{"line":144,"column":5}},"line":107},"4":{"name":"(anonymous_4)","decl":{"start":{"line":149,"column":4},"end":{"line":149,"column":5}},"loc":{"start":{"line":149,"column":24},"end":{"line":161,"column":5}},"line":149},"5":{"name":"(anonymous_5)","decl":{"start":{"line":165,"column":4},"end":{"line":165,"column":5}},"loc":{"start":{"line":165,"column":17},"end":{"line":177,"column":5}},"line":165},"6":{"name":"(anonymous_6)","decl":{"start":{"line":183,"column":4},"end":{"line":183,"column":5}},"loc":{"start":{"line":183,"column":20},"end":{"line":192,"column":5}},"line":183},"7":{"name":"(anonymous_7)","decl":{"start":{"line":197,"column":4},"end":{"line":197,"column":5}},"loc":{"start":{"line":197,"column":25},"end":{"line":205,"column":5}},"line":197}},"branchMap":{"0":{"loc":{"start":{"line":32,"column":8},"end":{"line":34,"column":9}},"type":"if","locations":[{"start":{"line":32,"column":8},"end":{"line":34,"column":9}},{"start":{},"end":{}}],"line":32},"1":{"loc":{"start":{"line":37,"column":12},"end":{"line":42,"column":13}},"type":"if","locations":[{"start":{"line":37,"column":12},"end":{"line":42,"column":13}},{"start":{},"end":{}}],"line":37},"2":{"loc":{"start":{"line":49,"column":60},"end":{"line":49,"column":114}},"type":"cond-expr","locations":[{"start":{"line":49,"column":85},"end":{"line":49,"column":98}},{"start":{"line":49,"column":101},"end":{"line":49,"column":114}}],"line":49},"3":{"loc":{"start":{"line":67,"column":8},"end":{"line":69,"column":9}},"type":"if","locations":[{"start":{"line":67,"column":8},"end":{"line":69,"column":9}},{"start":{},"end":{}}],"line":67},"4":{"loc":{"start":{"line":109,"column":12},"end":{"line":114,"column":13}},"type":"if","locations":[{"start":{"line":109,"column":12},"end":{"line":114,"column":13}},{"start":{},"end":{}}],"line":109},"5":{"loc":{"start":{"line":117,"column":12},"end":{"line":122,"column":13}},"type":"if","locations":[{"start":{"line":117,"column":12},"end":{"line":122,"column":13}},{"start":{},"end":{}}],"line":117},"6":{"loc":{"start":{"line":123,"column":12},"end":{"line":128,"column":13}},"type":"if","locations":[{"start":{"line":123,"column":12},"end":{"line":128,"column":13}},{"start":{},"end":{}}],"line":123},"7":{"loc":{"start":{"line":141,"column":45},"end":{"line":141,"column":99}},"type":"cond-expr","locations":[{"start":{"line":141,"column":70},"end":{"line":141,"column":83}},{"start":{"line":141,"column":86},"end":{"line":141,"column":99}}],"line":141},"8":{"loc":{"start":{"line":153,"column":12},"end":{"line":155,"column":13}},"type":"if","locations":[{"start":{"line":153,"column":12},"end":{"line":155,"column":13}},{"start":{},"end":{}}],"line":153},"9":{"loc":{"start":{"line":169,"column":48},"end":{"line":169,"column":85}},"type":"binary-expr","locations":[{"start":{"line":169,"column":48},"end":{"line":169,"column":80}},{"start":{"line":169,"column":84},"end":{"line":169,"column":85}}],"line":169},"10":{"loc":{"start":{"line":175,"column":30},"end":{"line":175,"column":87}},"type":"cond-expr","locations":[{"start":{"line":175,"column":54},"end":{"line":175,"column":83}},{"start":{"line":175,"column":86},"end":{"line":175,"column":87}}],"line":175},"11":{"loc":{"start":{"line":184,"column":8},"end":{"line":186,"column":9}},"type":"if","locations":[{"start":{"line":184,"column":8},"end":{"line":186,"column":9}},{"start":{},"end":{}}],"line":184}},"s":{"0":1,"1":1,"2":1,"3":1,"4":18,"5":18,"6":18,"7":18,"8":18,"9":17,"10":0,"11":17,"12":17,"13":17,"14":16,"15":16,"16":16,"17":1,"18":0,"19":0,"20":1,"21":11,"22":0,"23":11,"24":11,"25":11,"26":11,"27":11,"28":11,"29":7,"30":7,"31":0,"32":7,"33":7,"34":7,"35":4,"36":3,"37":0,"38":3,"39":3,"40":0,"41":0,"42":0,"43":0,"44":0,"45":0,"46":0,"47":0,"48":1,"49":1,"50":1,"51":1,"52":1,"53":1,"54":11,"55":0,"56":11,"57":11,"58":11,"59":11,"60":11,"61":27,"62":27,"63":1},"f":{"0":18,"1":17,"2":11,"3":7,"4":0,"5":1,"6":11,"7":27},"b":{"0":[0,17],"1":[16,1],"2":[1,0],"3":[0,11],"4":[0,7],"5":[4,3],"6":[0,3],"7":[0,0],"8":[0,0],"9":[1,1],"10":[1,0],"11":[0,11]},"inputSourceMap":{"version":3,"file":"/home/mathan/Desktop/vs_ext/src/core/vault/SecureVault.ts","sources":["/home/mathan/Desktop/vs_ext/src/core/vault/SecureVault.ts"],"names":[],"mappings":";;;AACA,2DAAwD;AACxD,6DAA0D;AAG1D;;;;;;;;;;;;;GAaG;AACH,MAAa,WAAW;IAMtB,YAA6B,aAAmC,EAAE,SAAiB;QAAtD,kBAAa,GAAb,aAAa,CAAsB;QAL/C,cAAS,GAAG,qBAAqB,CAAC;QAClC,uBAAkB,GAAG,6BAA6B,CAAC;QAE5D,YAAO,GAA4B,IAAI,GAAG,EAAE,CAAC;QAGnD,IAAI,CAAC,SAAS,GAAG,SAAS,CAAC;IAC7B,CAAC;IAED;;OAEG;IACH,KAAK,CAAC,UAAU;QACd,IAAI,CAAC,IAAI,CAAC,SAAS,EAAE,CAAC;YACpB,MAAM,IAAI,KAAK,CAAC,gCAAgC,CAAC,CAAC;QACpD,CAAC;QAED,IAAI,CAAC;YACH,MAAM,UAAU,GAAG,MAAM,IAAI,CAAC,aAAa,CAAC,GAAG,CAAC,IAAI,CAAC,SAAS,CAAC,CAAC;YAChE,IAAI,CAAC,UAAU,EAAE,CAAC;gBAChB,cAAc;gBACd,IAAI,CAAC,OAAO,GAAG,IAAI,GAAG,EAAE,CAAC;gBACzB,MAAM,IAAI,CAAC,YAAY,EAAE,CAAC;gBAC1B,OAAO;YACT,CAAC;YAED,kCAAkC;YAClC,MAAM,SAAS,GAAG,6BAAa,CAAC,OAAO,CAAC,UAAU,EAAE,IAAI,CAAC,SAAS,CAAC,CAAC;YACpE,MAAM,MAAM,GAAG,IAAI,CAAC,KAAK,CAAC,SAAS,CAA+B,CAAC;YACnE,IAAI,CAAC,OAAO,GAAG,IAAI,GAAG,CAAC,MAAM,CAAC,OAAO,CAAC,MAAM,CAAC,CAAC,CAAC;QACjD,CAAC;QAAC,OAAO,KAAK,EAAE,CAAC;YACf,MAAM,IAAI,KAAK,CAAC,gCAAgC,KAAK,YAAY,KAAK,CAAC,CAAC,CAAC,KAAK,CAAC,OAAO,CAAC,CAAC,CAAC,MAAM,CAAC,KAAK,CAAC,EAAE,CAAC,CAAC;QAC5G,CAAC;IACH,CAAC;IAED;;;;;;;;;;;;;OAaG;IACH,KAAK,CAAC,KAAK,CACT,MAAc,EACd,cAA8B,EAC9B,SAAiB,EACjB,QAAqE;QAErE,IAAI,CAAC,IAAI,CAAC,SAAS,EAAE,CAAC;YACpB,MAAM,IAAI,KAAK,CAAC,uBAAuB,CAAC,CAAC;QAC3C,CAAC;QAED,2BAA2B;QAC3B,MAAM,KAAK,GAAG,+BAAc,CAAC,QAAQ,EAAE,CAAC;QACxC,MAAM,OAAO,GAAG,+BAAc,CAAC,SAAS,CAAC,KAAK,CAAC,CAAC;QAEhD,qDAAqD;QACrD,MAAM,KAAK,GAAe;YACxB,OAAO;YACP,eAAe,EAAE,6BAAa,CAAC,OAAO,CAAC,MAAM,EAAE,IAAI,CAAC,SAAS,CAAC;YAC9D,SAAS,EAAE,IAAI,IAAI,EAAE,CAAC,WAAW,EAAE;YACnC,cAAc;YACd,SAAS;YACT,QAAQ;SACT,CAAC;QAEF,wBAAwB;QACxB,IAAI,CAAC,OAAO,CAAC,GAAG,CAAC,OAAO,EAAE,KAAK,CAAC,CAAC;QAEjC,2BAA2B;QAC3B,MAAM,IAAI,CAAC,OAAO,EAAE,CAAC;QAErB,gCAAgC;QAChC,OAAO;YACL,KAAK;YACL,OAAO;YACP,cAAc;YACd,SAAS;SACV,CAAC;IACJ,CAAC;IAED;;;;;;;;;;;;OAYG;IACH,KAAK,CAAC,QAAQ,CAAC,KAAa;QAC1B,IAAI,CAAC;YACH,IAAI,CAAC,+BAAc,CAAC,YAAY,CAAC,KAAK,CAAC,EAAE,CAAC;gBACxC,OAAO;oBACL,KAAK,EAAE,KAAK;oBACZ,KAAK,EAAE,sBAAsB;iBAC9B,CAAC;YACJ,CAAC;YAED,MAAM,OAAO,GAAG,+BAAc,CAAC,SAAS,CAAC,KAAK,CAAC,CAAC;YAChD,MAAM,KAAK,GAAG,IAAI,CAAC,OAAO,CAAC,GAAG,CAAC,OAAO,CAAC,CAAC;YAExC,IAAI,CAAC,KAAK,EAAE,CAAC;gBACX,OAAO;oBACL,KAAK,EAAE,KAAK;oBACZ,KAAK,EAAE,0BAA0B;iBAClC,CAAC;YACJ,CAAC;YAED,IAAI,CAAC,IAAI,CAAC,SAAS,EAAE,CAAC;gBACpB,OAAO;oBACL,KAAK,EAAE,KAAK;oBACZ,KAAK,EAAE,uBAAuB;iBAC/B,CAAC;YACJ,CAAC;YAED,iBAAiB;YACjB,MAAM,SAAS,GAAG,6BAAa,CAAC,OAAO,CAAC,KAAK,CAAC,eAAe,EAAE,IAAI,CAAC,SAAS,CAAC,CAAC;YAE/E,OAAO;gBACL,KAAK,EAAE,IAAI;gBACX,MAAM,EAAE,SAAS;gBACjB,cAAc,EAAE,KAAK,CAAC,cAAc;gBACpC,SAAS,EAAE,KAAK,CAAC,SAAS;aAC3B,CAAC;QACJ,CAAC;QAAC,OAAO,KAAK,EAAE,CAAC;YACf,OAAO;gBACL,KAAK,EAAE,KAAK;gBACZ,KAAK,EAAE,sBAAsB,KAAK,YAAY,KAAK,CAAC,CAAC,CAAC,KAAK,CAAC,OAAO,CAAC,CAAC,CAAC,MAAM,CAAC,KAAK,CAAC,EAAE;aACtF,CAAC;QACJ,CAAC;IACH,CAAC;IAED;;;OAGG;IACH,KAAK,CAAC,MAAM,CAAC,KAAa;QACxB,IAAI,CAAC;YACH,MAAM,OAAO,GAAG,+BAAc,CAAC,SAAS,CAAC,KAAK,CAAC,CAAC;YAChD,MAAM,OAAO,GAAG,IAAI,CAAC,OAAO,CAAC,MAAM,CAAC,OAAO,CAAC,CAAC;YAC7C,IAAI,OAAO,EAAE,CAAC;gBACZ,MAAM,IAAI,CAAC,OAAO,EAAE,CAAC;YACvB,CAAC;YACD,OAAO,OAAO,CAAC;QACjB,CAAC;QAAC,MAAM,CAAC;YACP,OAAO,KAAK,CAAC;QACf,CAAC;IACH,CAAC;IAED;;OAEG;IACH,UAAU;QAKR,MAAM,UAAU,GAA2B,EAAE,CAAC;QAC9C,IAAI,SAAS,GAAG,CAAC,CAAC;QAElB,KAAK,MAAM,KAAK,IAAI,IAAI,CAAC,OAAO,CAAC,MAAM,EAAE,EAAE,CAAC;YAC1C,UAAU,CAAC,KAAK,CAAC,cAAc,CAAC,GAAG,CAAC,UAAU,CAAC,KAAK,CAAC,cAAc,CAAC,IAAI,CAAC,CAAC,GAAG,CAAC,CAAC;YAC/E,SAAS,IAAI,KAAK,CAAC,SAAS,CAAC;QAC/B,CAAC;QAED,OAAO;YACL,YAAY,EAAE,IAAI,CAAC,OAAO,CAAC,IAAI;YAC/B,iBAAiB,EAAE,UAAU;YAC7B,gBAAgB,EAAE,IAAI,CAAC,OAAO,CAAC,IAAI,GAAG,CAAC,CAAC,CAAC,CAAC,SAAS,GAAG,IAAI,CAAC,OAAO,CAAC,IAAI,CAAC,CAAC,CAAC,CAAC;SAC5E,CAAC;IACJ,CAAC;IAED;;;;OAIG;IACK,KAAK,CAAC,OAAO;QACnB,IAAI,CAAC,IAAI,CAAC,SAAS,EAAE,CAAC;YACpB,MAAM,IAAI,KAAK,CAAC,uBAAuB,CAAC,CAAC;QAC3C,CAAC;QAED,MAAM,aAAa,GAAG,MAAM,CAAC,WAAW,CAAC,IAAI,CAAC,OAAO,CAAC,CAAC;QACvD,MAAM,IAAI,GAAG,IAAI,CAAC,SAAS,CAAC,aAAa,CAAC,CAAC;QAC3C,MAAM,SAAS,GAAG,6BAAa,CAAC,OAAO,CAAC,IAAI,EAAE,IAAI,CAAC,SAAS,CAAC,CAAC;QAE9D,MAAM,IAAI,CAAC,aAAa,CAAC,KAAK,CAAC,IAAI,CAAC,SAAS,EAAE,SAAS,CAAC,CAAC;QAC1D,MAAM,IAAI,CAAC,YAAY,EAAE,CAAC;IAC5B,CAAC;IAED;;;OAGG;IACK,KAAK,CAAC,YAAY;QACxB,MAAM,QAAQ,GAAkB;YAC9B,OAAO,EAAE,CAAC;YACV,YAAY,EAAE,IAAI,CAAC,OAAO,CAAC,IAAI;YAC/B,SAAS,EAAE,IAAI,IAAI,EAAE,CAAC,WAAW,EAAE;YACnC,YAAY,EAAE,IAAI,IAAI,EAAE,CAAC,WAAW,EAAE;SACvC,CAAC;QACF,MAAM,IAAI,CAAC,aAAa,CAAC,KAAK,CAAC,IAAI,CAAC,kBAAkB,EAAE,IAAI,CAAC,SAAS,CAAC,QAAQ,CAAC,CAAC,CAAC;IACpF,CAAC;CACF;AAxND,kCAwNC","sourcesContent":["import * as vscode from \"vscode\";\nimport { CryptoService } from \"../crypto/CryptoService\";\nimport { TokenGenerator } from \"../crypto/TokenGenerator\";\nimport { VaultEntry, Va
[...]
ine":28,"column":31}}],"line":28}},"s":{"0":1,"1":1,"2":1,"3":11,"4":11,"5":20,"6":20,"7":1,"8":19,"9":10,"10":1},"f":{"0":11,"1":20,"2":10},"b":{"0":[1,19],"1":[20,19]},"inputSourceMap":{"version":3,"file":"/home/mathan/Desktop/vs_ext/src/core/crypto/TokenGenerator.ts","sources":["/home/mathan/Desktop/vs_ext/src/core/crypto/TokenGenerator.ts"],"names":[],"mappings":";;;AAAA,iCAAiC;AAEjC;;;;;GAKG;AACH,MAAa,cAAc;IACzB;;;OAGG;IACH,MAAM,CAAC,QAAQ;QACb,mBAAmB;QACnB,MAAM,IAAI,GAAG,MAAM,CAAC,UAAU,EAAE,CAAC;QACjC,OAAO,uBAAuB,IAAI,EAAE,CAAC;IACvC,CAAC;IAED;;;;OAIG;IACH,MAAM,CAAC,SAAS,CAAC,KAAa;QAC5B,MAAM,KAAK,GAAG,KAAK,CAAC,KAAK,CAAC,0BAA0B,CAAC,CAAC;QACtD,IAAI,CAAC,KAAK,IAAI,CAAC,KAAK,CAAC,CAAC,CAAC,EAAE,CAAC;YACxB,MAAM,IAAI,KAAK,CAAC,sBAAsB,CAAC,CAAC;QAC1C,CAAC;QACD,OAAO,KAAK,CAAC,CAAC,CAAC,CAAC;IAClB,CAAC;IAED;;OAEG;IACH,MAAM,CAAC,YAAY,CAAC,KAAa;QAC/B,OAAO,4FAA4F,CAAC,IAAI,CAAC,KAAK,CAAC,CAAC;IAClH,CAAC;CACF;AA9BD,wCA8BC","sourcesContent":["import * as crypto from \"crypto\";\n\n/**\n * TokenGenerator: Generates cryptographically secure vault references\n * Tokens contain ONLY a random ID, never the secret or encryption key\n * Token format: DEVLEAKSHIELD_TOKEN_<uuid>\n * Example: DEVLEAKSHIELD_TOKEN_8f4c9e2d-a1b2-c3d4-e5f6-7890abcdef12\n */\nexport class TokenGenerator {\n  /**\n   * Generate a unique vault reference token\n   * @returns Token format: DEVLEAKSHIELD_TOKEN_<uuid>\n   */\n  static generate(): string {\n    // Generate UUID v4\n    const uuid = crypto.randomUUID();\n    return `DEVLEAKSHIELD_TOKEN_${uuid}`;\n  }\n\n  /**\n   * Extract token ID from full token\n   * @param token Full token like \"DEVLEAKSHIELD_TOKEN_8f4c9e2d\"\n   * @returns Just the ID part: \"8f4c9e2d\"\n   */\n  static extractId(token: string): string {\n    const match = token.match(/DEVLEAKSHIELD_TOKEN_(.+)/);\n    if (!match || !match[1]) {\n      throw new Error(\"Invalid token format\");\n    }\n    return match[1];\n  }\n\n  /**\n   * Check if string is a valid vault token\n   */\n  static isValidToken(token: string): boolean {\n    return /^DEVLEAKSHIELD_TOKEN_[0-9a-f]{8}-[0-9a-f]{4}-4[0-9a-f]{3}-[89ab][0-9a-f]{3}-[0-9a-f]{12}$/i.test(token);\n  }\n}\n"]},"_coverageSchema":"1a1c01bbd47fc00a2c39e90264f33305004495a9","hash":"470f26b8d6cdd9dd1fec085c634ea68c0bd0e140","contentHash":"cc349e7411130d43ed801391b71e8aba92db2ca8ac7650655d6e0ebbd820c71f"},"/home/mathan/Desktop/vs_ext/src/core/session/SessionManager.ts":{"path":"/home/mathan/Desktop/vs_ext/src/core/session/SessionManager.ts","statementMap":{"0":{"start":{"line":2,"column":0},"end":{"line":2,"column":62}},"1":{"start":{"line":3,"column":0},"end":{"line":3,"column":32}},"2":{"start":{"line":4,"column":24},"end":{"line":4,"column":58}},"3":{"start":{"line":18,"column":8},"end":{"line":18,"column":43}},"4":{"start":{"line":19,"column":8},"end":{"line":19,"column":62}},"5":{"start":{"line":25,"column":26},"end":{"line":25,"column":81}},"6":{"start":{"line":26,"column":8},"end":{"line":29,"column":9}},"7":{"start":{"line":27,"column":12},"end":{"line":27,"column":62}},"8":{"start":{"line":28,"column":12},"end":{"line":28,"column":19}},"9":{"start":{"line":31,"column":8},"end":{"line":31,"column":69}},"10":{"start":{"line":32,"column":8},"end":{"line":32,"column":101}},"11":{"start":{"line":39,"column":8},"end":{"line":41,"column":9}},"12":{"start":{"line":40,"column":12},"end":{"line":40,"column":88}},"13":{"start":{"line":42,"column":8},"end":{"line":42,"column":30}},"14":{"start":{"line":48,"column":8},"end":{"line":48,"column":35}},"15":{"start":{"line":51,"column":0},"end":{"line":51,"column":40}}},"fnMap":{"0":{"name":"(anonymous_0)","decl":{"start":{"line":17,"column":4},"end":{"line":17,"column":5}},"loc":{"start":{"line":17,"column":31},"end":{"line":20,"column":5}},"line":17},"1":{"name":"(anonymous_1)","decl":{"start":{"line":24,"column":4},"end":{"line":24,"column":5}},"loc":{"start":{"line":24,"column":23},"end":{"line":33,"column":5}},"line":24},"2":{"name":"(anonymous_2)","decl":{"start":{"line":38,"column":4},"end":{"line":38,"column":5}},"loc":{"start":{"line":38,"column":19},"end":{"line":43,"column":5}},"line":38},"3":{"name":"(anonymous_3)","decl":{"start":{"line":47,"column":4},"end":{"line":47,"column":5}},"loc":{"start":{"line":47,"column":13},"end":{"line":49,"column":5}},"line":47}},"branchMap":{"0":{"loc":{"start":{"line":26,"column":8},"end":{"line":29,"column":9}},"type":"if","locations":[{"start":{"line":26,"column":8},"end":{"line":29,"column":9}},{"start":{},"end":{}}],"line":26},"1":{"loc":{"start":{"line":39,"column":8},"end":{"line":41,"column":9}},"type":"if","locations":[{"start":{"line":39,"column":8},"end":{"line":41,"column":9}},{"start":{},"end":{}}],"line":39}},"s":{"0":1,"1":1,"2":1,"3":20,"4":20,"5":20,"6":20,"7":1,"8":1,"9":19,"10":19,"11":20,"12":0,"13":20,"14":0,"15":1},"f":{"0":20,"1":20,"2":20,"3":0},"b":{"0":[1,19],"1":[0,20]},"inputSourceMap":{"version":3,"file":"/home/mathan/Desktop/vs_ext/src/core/session/SessionManager.ts","sources":["/home/mathan/Desktop/vs_ext/src/core/session/SessionManager.ts"],"names":[],"mappings":";;;AACA,2DAAwD;AAExD;;;;;;;;;;GAUG;AACH,MAAa,cAAc;IAIzB,YAA6B,aAAmC;QAAnC,kBAAa,GAAb,aAAa,CAAsB;QAF/C,yBAAoB,GAAG,yBAAyB,CAAC;IAEC,CAAC;IAEpE;;OAEG;IACH,KAAK,CAAC,UAAU;QACd,MAAM,SAAS,GAAG,MAAM,IAAI,CAAC,aAAa,CAAC,GAAG,CAAC,IAAI,CAAC,oBAAoB,CAAC,CAAC;QAE1E,IAAI,SAAS,EAAE,CAAC;YACd,IAAI,CAAC,SAAS,GAAG,MAAM,CAAC,IAAI,CAAC,SAAS,EAAE,QAAQ,CAAC,CAAC;YAClD,OAAO;QACT,CAAC;QAED,kDAAkD;QAClD,IAAI,CAAC,SAAS,GAAG,6BAAa,CAAC,WAAW,EAAE,CAAC;QAC7C,MAAM,IAAI,CAAC,aAAa,CAAC,KAAK,CAAC,IAAI,CAAC,oBAAoB,EAAE,IAAI,CAAC,SAAS,CAAC,QAAQ,CAAC,QAAQ,CAAC,CAAC,CAAC;IAC/F,CAAC;IAED;;;OAGG;IACH,YAAY;QACV,IAAI,CAAC,IAAI,CAAC,SAAS,EAAE,CAAC;YACpB,MAAM,IAAI,KAAK,CAAC,0DAA0D,CAAC,CAAC;QAC9E,CAAC;QACD,OAAO,IAAI,CAAC,SAAS,CAAC;IACxB,CAAC;IAED;;OAEG;IACH,MAAM;QACJ,OAAO,IAAI,CAAC,YAAY,EAAE,CAAC;IAC7B,CAAC;CACF;AAvCD,wCAuCC","sourcesContent":["import * as vscode from \"vscode\";\nimport { CryptoService } from \"../crypto/CryptoService\";\n\n/**\n * SessionManager: Single source of truth for master key management\n *\n * Design:\n * - Master key (256-bit) stored in VS Code SecretStorage\n * - Generated on first launch, persists across restarts\n * - Used to encrypt/decrypt all vault entries\n * - Never stored in plaintext files\n * - Never exposed in logs\n * - Never hardcoded\n */\nexport class SessionManager {\n  private masterKey?: Buffer;\n  private readonly MASTER_KEY_STORE_KEY = \"devLeakShield.masterKey\";\n\n  constructor(private readonly secretStorage: vscode.SecretStorage) {}\n\n  /**\n   * Initialize: Load or generate master key from VS Code SecretStorage\n   */\n  async initialize(): Promise<void> {\n    const storedKey = await this.secretStorage.get(this.MASTER_KEY_STORE_KEY);\n\n    if (storedKey) {\n      this.masterKey = Buffer.from(storedKey, \"base64\");\n      return;\n    }\n\n    // Generate new 256-bit master key on first launch\n    this.masterKey = CryptoService.generateKey();\n    await this.secretStorage.store(this.MASTER_KEY_STORE_KEY, this.masterKey.toString(\"base64\"));\n  }\n\n  /**\n   * Get master key for vault operations\n   * Throws if not initialized\n   */\n  getMasterKey(): Buffer {\n    if (!this.masterKey) {\n      throw new Error(\"SessionManager not initialized. Call initialize() first.\");\n    }\n    return this.masterKey;\n  }\n\n  /**\n   * Legacy method for backward compatibility\n   */\n  getKey(): Buffer {\n    return this.getMasterKey();\n  }\n}\n"]},"_coverageSchema":"1a1c01bbd47fc00a2c39e90264f33305004495a9","hash":"3e6de39074099854aaf5a877adabe4f9007aa522","contentHash":"ec44650b29ac2cfa8c095188e81193b14368324d30b4ca7029d50ff212c83f28"},"/home/mathan/Desktop/vs_ext/src/core/git/GitSecurityScanner.ts":{"path":"/home/mathan/Desktop/vs_ext/src/core/git/GitSecurityScanner.ts","statementMap":{"0":{"start":{"line":2,"column":0},"end":{"line":2,"column":62}},"1":{"start":{"line":3,"column":0},"end":{"line":3,"column":36}},"2":{"start":{"line":4,"column":24},"end":{"line":4,"column":48}},"3":{"start":{"line":5,"column":15},"end":{"line":5,"column":30}},"4":{"start":{"line":6,"column":22},"end":{"line":6,"column":69}},"5":{"start":{"line":26,"column":8},"end":{"line":26,"column":41}},"6":{"start":{"line":27,"column":8},"end":{"line":27,"column":61}},"7":{"start":{"line":28,"column":8},"end":{"line":28,"column":23}},"8":{"start":{"line":34,"column":8},"end":{"line":102,"column":9}},"9":{"start":{"line":36,"column":44},"end":{"line":39,"column":14}},"10":{"start":{"line":40,"column":12},"end":{"line":42,"column":13}},"11":{"start":{"line":41,"column":16},"end":{"line":41,"column":86}},"12":{"start":{"line":43,"column":26},"end":{"line":43,"column":56}},"13":{"start":{"line":44,"column":36},"end":{"line":44,"column":37}},"14":{"start":{"line":45,"column":33},"end":{"line":45,"column":35}},"15":{"start":{"line":46,"column":12},"end":{"line":73,"column":13}},"16":{"start":{"line":47,"column":16},"end":{"line":48,"column":29}},"17":{"start":{"line":48,"column":20},"end":{"line":48,"column":29}},"18":{"start":{"line":49,"column":16},"end":{"line":72,"column":17}},"19":{"start":{"line":51,"column":48},"end":{"line":55,"column":22}},"20":{"start":{"line":57,"column":35},"end":{"line":57,"column":84}},"21":{"start":{"line":58,"column":20},"end":{"line":65,"column":21}},"22":{"start":{"line":59,"column":24},"end":{"line":59,"column":68}},"23":{"start":{"line":61,"column":41},"end":{"line":61,"column":84}},"24":{"start":{"line":62,"column":24},"end":{"line":64,"column":25}},"25":{"start":{"line":63,"column":28},"end":{"line":63,"column":77}},"26":{"start":{"line":69,"column":20},"end":{"line":71,"column":21}},"27":{"start":{"line":70,"column":24},"end":{"line":70,"column":77}},"28":{"start":{"line":74,"column":12},"end":{"line":80,"column":13}},"29":{"start":{"line":75,"column":16},"end":{"line":79,"column":18}},"30":{"start":{"line":81,"column":12},"end":{"line":85,"column":14}},"31":{"start":{"line":88,"column":28},"end":{"line":88,"column":82}},"32":{"start":{"line":90,"column":12},"end":{"line":96,"column":13}},"33":{"start":{"line":91,"column":16},"end":{"line":95,"column":18}},"34":{"start":{"line":97,"column":12},"end":{"line":101,"column":14}},"35":{"start":{"line":105,"column":0},"end":{"line":105,"column":48}}},"fnMap":{"0":{"name":"(anonymous_0)","decl":{"start":{"line":25,"column":4},"end":{"line":25,"column":5}},"loc":{"start":{"line":25,"column":59},"end":{"line":29,"column":5}},"line":25},"1":{"name":"(anonymous_1)","decl":{"start":{"line":33,"column":4},"end":{"line":33,"column":5}},"loc":{"start":{"line":33,"column":28},"end":{"line":103,"column":5}},"line":33}},"branchMap":{"0":{"loc":{"start":{"line":40,"column":12},"end":{"line":42,"column":13}},"type":"if","locations":[{"start":{"line":40,"column":12},"end":{"line":42,"column":13}},{"start":{},"end":{}}],"line":40},"1":{"loc":{"start":{"line":47,"column":16},"end":{"line":48,"column":29}},"type":"if","locations":[{"start":{"line":47,"column":16},"end":{"line":48,"column":29}},{"start":{},"end":{}}],"line":47},"2":{"loc":{"start":{"line":58,"column":20},"end":{"line":65,"column":21}},"type":"if","locations":[{"start":{"line":58,"column":20},"end":{"line":65,"column":21}},{"start":{},"end":{}}],"line":58},"3":{"loc":{"start":{"line":62,"column":24},"end":{"line":64,"column":25}},"type":"if","locations":[{"start":{"line":62,"column":24},"end":{"line":64,"column":25}},{"start":{},"end":{}}],"line":62},"4":{"loc":{"start":{"line":69,"column":20},"end":{"line":71,"column":21}},"type":"if","locations":[{"start":{"line":69,"column":20},"end":{"line":71,"column":21}},{"start":{},"end":{}}],"line":69},"5":{"loc":{"start":{"line":69,"column":24},"end":{"line":69,"column":102}},"type":"binary-expr","locations":[{"start":{"line":69,"column":24},"end":{"line":69,"column":49}},{"start":{"line":69,"column":53},"end":{"line":69,"column":102}}],"line":69},"6":{"loc":{"start":{"line":74,"column":12},"end":{"line":80,"column":13}},"type":"if","locations":[{"start":{"line":74,"column":12},"end":{"line":80,"column":13}},{"start":{},"end":{}}],"line":74},"7":{"loc":{"start":{"line":88,"column":28},"end":{"line":88,"column":82}},"type":"cond-expr","locations":[{"start":{"line":88,"column":53},"end":{"line":88,"column":66}},{"start":{"line":88,"column":69},"end":{"line":88,"column":82}}],"line":88},"8":{"loc":{"start":{"line":90,"column":12},"end":{"line":96,"column":13}},"type":"if","locations":[{"start":{"line":90,"column":12},"end":{"line":96,"column":13}},{"start":{},"end":{}}],"line":90},"9":{"loc":{"start":{"line":90,"column":16},"end":{"line":90,"column":102}},"type":"binary-expr","locations":[{"start":{"line":90,"column":16},"end":{"line":90,"column":56}},{"start":{"line":90,"column":60},"end":{"line":90,"column":102}}],"line":90}},"s":{"0":1,"1":1,"2":1,"3":1,"4":1,"5":1,"6":1,"7":1,"8":0,"9":0,"10":0,"11":0,"12":0,"13":0,"14":0,"15":0,"16":0,"17":0,"18":0,"19":0,"20":0,"21":0,"22":0,"23":0,"24":0,"25":0,"26":0,"27":0,"28":0,"29":0,"30":0,"31":0,"32":0,"33":0,"34":0,"35":1},"f":{"0":1,"1":0},"b":{"0":[0,0],"1":[0,0],"2":[0,0],"3":[0,0],"4":[0,0],"5":[0,0],"6":[0,0],"7":[0,0],"8":[0,0],"9":[0,0]},"inputSourceMap":{"version":3,"file":"/home/mathan/Desktop/vs_ext/src/core/git/GitSecurityScanner.ts","sources":["/home/mathan/Desktop/vs_ext/src/core/git/GitSecurityScanner.ts"],"names":[],"mappings":";;;AAAA,iDAAyC;AACzC,+BAAiC;AAIjC,MAAM,aAAa,GAAG,IAAA,gBAAS,EAAC,wBAAQ,CAAC,CAAC;AAE1C;;;;;;;;;;;;;;;;GAgBG;AACH,MAAa,kBAAkB;IAC7B,YACmB,YAA0B,EAC1B,sBAA8C,EAC9C,GAAY;QAFZ,iBAAY,GAAZ,YAAY,CAAc;QAC1B,2BAAsB,GAAtB,sBAAsB,CAAwB;QAC9C,QAAG,GAAH,GAAG,CAAS;IAC5B,CAAC;IAEJ;;OAEG;IACH,KAAK,CAAC,eAAe;QAKnB,IAAI,CAAC;YACH,2BAA2B;YAC3B,MAAM,EAAE,MAAM,EAAE,WAAW,EAAE,GAAG,MAAM,aAAa,CAAC,KAAK,EAAE,CAAC,MAAM,EAAE,UAAU,EAAE,aAAa,CAAC,EAAE;gBAC9F,QAAQ,EAAE,MAAM;gBAChB,GAAG,EAAE,IAAI,CAAC,GAAG;aACd,CAAC,CAAC;YAEH,IAAI,CAAC,WAAW,CAAC,IAAI,EAAE,EAAE,CAAC;gBACxB,OAAO,EAAE,OAAO,EAAE,KAAK,EAAE,MAAM,EAAE,iBAAiB,EAAE,YAAY,EAAE,CAAC,EAAE,CAAC;YACxE,CAAC;YAED,MAAM,KAAK,GAAG,WAAW,CAAC,IAAI,EAAE,CAAC,KAAK,CAAC,IAAI,CAAC,CAAC;YAC7C,IAAI,iBAAiB,GAAG,CAAC,CAAC;YAC1B,MAAM,YAAY,GAAa,EAAE,CAAC;YAElC,KAAK,MAAM,IAAI,IAAI,KAAK,EAAE,CAAC;gBACzB,IAAI,CAAC,IAAI,CAAC,IAAI,EAAE;oBAAE,SAAS;gBAE3B,IAAI,CAAC;oBACH,6BAA6B;oBAC7B,MAAM,EAAE,MAAM,EAAE,OAAO,EAAE,GAAG,MAAM,aAAa,CAAC,KAAK,EAAE,CAAC,MAAM,EAAE,IAAI,IAAI,EAAE,CAAC,EAAE;wBAC3E,QAAQ,EAAE,MAAM;wBAChB,SAAS,EAAE,EAAE,GAAG,IAAI,GAAG,IAAI,EAAE,cAAc;wBAC3C,GAAG,EAAE,IAAI,CAAC,GAAG;qBACd,CAAC,CAAC;oBAEH,iBAAiB;oBACjB,MAAM,MAAM,GAAG,IAAI,CAAC,sBAAsB,CAAC,MAAM,CAAC,OAAO,EAAE,IAAI,CAAC,CAAC;oBAEjE,IAAI,MAAM,CAAC,QAAQ,CAAC,MAAM,GAAG,CAAC,EAAE,CAAC;wBAC/B,iBAAiB,IAAI,MAAM,CAAC,QAAQ,CAAC,MAAM,CAAC;wBAE5C,0BAA0B;wBAC1B,MAAM,QAAQ,GAAG,IAAI,CAAC,YAAY,CAAC,QAAQ,CAAC,MAAM,CAAC,QAAQ,CAAC,CAAC;wBAE7D,IAAI,CAAC,QAAQ,CAAC,OAAO,EAAE,CAAC;4BACtB,YAAY,CAAC,IAAI,CAAC,GAAG,IAAI,KAAK,QAAQ,CAAC,MAAM,EAAE,CAAC,CAAC;wBACnD,CAAC;oBACH,CAAC;gBACH,CAAC;gBAAC,OAAO,KAAK,EAAE,CAAC;oBACf,sDAAsD;oBACtD,IAAI,CAAC,CAAC,KAAK,YAAY,KAAK,CAAC,IAAI,CAAC,KAAK,CAAC,OAAO,CAAC,QAAQ,CAAC,wBAAwB,CAAC,EAAE,CAAC;wBACnF,OAAO,CAAC,KAAK,CAAC,uBAAuB,IAAI,GAAG,EAAE,KAAK,CAAC,CAAC;oBACvD,CAAC;gBACH,CAAC;YACH,CAAC;YAED,IAAI,YAAY,CAAC,MAAM,GAAG,CAAC,EAAE,CAAC;gBAC5B,OAAO;oBACL,OAAO,EAAE,IAAI;oBACb,MAAM,EAAE,gDAAgD,YAAY,CAAC,IAAI,CAAC,IAAI,CAAC,EAAE;oBACjF,YAAY,EAAE,iBAAiB;iBAChC,CAAC;YACJ,CAAC;YAED,OAAO;gBACL,OAAO,EAAE,KAAK;gBACd,MAAM,EAAE,2BAA2B,iBAAiB,0CAA0C;gBAC9F,YAAY,EAAE,iBAAiB;aAChC,CAAC;QACJ,CAAC;QAAC,OAAO,KAAK,EAAE,CAAC;YACf,MAAM,OAAO,GAAG,KAAK,YAAY,KAAK,CAAC,CAAC,CAAC,KAAK,CAAC,OAAO,CAAC,CAAC,CAAC,MAAM,CAAC,KAAK,CAAC,CAAC;YAEvE,sCAAsC;YACtC,IAAI,OAAO,CAAC,QAAQ,CAAC,sBAAsB,CAAC,IAAI,OAAO,CAAC,QAAQ,CAAC,wBAAwB,CAAC,EAAE,CAAC;gBAC3F,OAAO;oBACL,OAAO,EAAE,KAAK;oBACd,MAAM,EAAE,2CAA2C;oBACnD,YAAY,EAAE,CAAC;iBAChB,CAAC;YACJ,CAAC;YAED,OAAO;gBACL,OAAO,EAAE,IAAI;gBACb,MAAM,EAAE,2BAA2B,OAAO,EAAE;gBAC5C,YAAY,EAAE,CAAC;aAChB,CAAC;QACJ,CAAC;IACH,CAAC;CACF;AA9FD,gDA8FC","sourcesContent":["import { execFile } from \"child_process\";\nimport { promisify } from \"util\";\nimport { SecretDetectionService } from \"../secrets/SecretDetectionService\";\nimport { PolicyEngine } from \"../policies/PolicyEngine\";\n\nconst execFileAsync = promisify(execFile);\n\n/**\n * GitSecurityScanner: Cross-platform staged file secret scanning\n *\n * Design:\n * - Scan git staged files for secrets before commit\n * - Use execFile (not execSync) for non-blocking I/O\n * - Support Windows, Linux, macOS\n * - Prevent secret commits\n * - Report findings with policy evaluation\n *\n * Workflow:\n * 1. Get staged files via `git diff --cached --name-only`\n * 2. Get content of each staged file via `git show :path`\n * 3. Detect secrets in staged content\n * 4. Evaluate against policy\n * 5. Block if secrets found above threshold\n */\nexport class GitSecurityScanner {\n  constructor(\n    private readonly policyEngine: PolicyEngine,\n    private readonly secretDetectionService: SecretDetectionService,\n    private readonly cwd?: string\n  ) {}\n\n  /**\n   * Scan staged files for secrets\n   */\n  async scanStagedFiles(): Promise<{\n    blocked: boolean;\n    reason: string;\n    secretsFound: number;\n  }> {\n    try {\n      // Get list of staged files\n      const { stdout: stagedFiles } = await execFileAsync(\"git\", [\"diff\", \"--cached\", \"--name-only\"], {\n        encoding: \"utf8\",\n        cwd: this.cwd,\n      });\n\n      if (!stagedFiles.trim()) {\n        return { blocked: false, reason: \"No staged files\", secretsFound: 0 };\n      }\n\n      const files = stagedFiles.trim().split(\"\\n\");\n      let totalSecretsFound = 0;\n      const blockedFiles: string[] = [];\n\n      for (const file of files) {\n        if (!file.trim()) continue;\n\n        try {\n          // Get content of staged file\n          const { stdout: content } = await execFileAsync(\"git\", [\"show\", `:${file}`], {\n            encoding: \"utf8\",\n            maxBuffer: 10 * 1024 * 1024, // 10MB buffer\n            cwd: this.cwd,\n          });\n\n          // Detect secrets\n          const result = this.secretDetectionService.detect(content, file);\n\n          if (result.findings.length > 0) {\n            totalSecretsFound += result.findings.length;\n\n            // Evaluate against policy\n            const decision = this.policyEngine.evaluate(result.findings);\n\n            if (!decision.allowed) {\n              blockedFiles.push(`${file}: ${decision.reason}`);\n            }\n          }\n        } catch (error) {\n          // Skip files that can't be read (e.g., deleted files)\n          if (!(error instanceof Error) || !error.message.includes(\"pathspec did not match\")) {\n            console.error(`Error scanning file ${file}:`, error);\n          }\n        }\n      }\n\n      if (blockedFiles.length > 0) {\n        return {\n          blocked: true,\n          reason: `Pre-commit scan blocked. Files with secrets: ${blockedFiles.join(\"; \")}`,\n          secretsFound: totalSecretsFound,\n        };\n      }\n\n      return {\n        blocked: false,\n        reason: `Pre-commit scan passed. ${totalSecretsFound} secrets detected but allowed by policy.`,\n        secretsFound: totalSecretsFound,\n      };\n    } catch (error) {\n      const message = error instanceof Error ? error.message : String(error);\n\n      // Not a git repo or git not available\n      if (message.includes(\"not a git repository\") || message.includes(\"git: command not found\")) {\n        return {\n          blocked: false,\n          reason: \"Git not available or not a git repository\",\n          secretsFound: 0,\n        };\n      }\n\n      return {\n        blocked: true,\n        reason: `Pre-commit scan failed: ${message}`,\n        secretsFound: 0,\n      };\n    }\n  }\n}\n"]},"_coverageSchema":"1a1c01bbd47fc00a2c39e90264f33305004495a9","hash":"f5cdf2bebe4eef33441d158136e272ba88028d35","contentHash":"3824f2d1f9c1974f72cf574680dfcace5865f6cacdfb38cf6aa56dd57b8bb21e"}}